============================= test session starts ==============================
platform darwin -- Python 3.13.9, pytest-9.0.2, pluggy-1.6.0 -- /Users/aristath/arduino-trader/venv/bin/python
cachedir: .pytest_cache
rootdir: /Users/aristath/arduino-trader
configfile: pytest.ini (WARNING: ignoring pytest config in pyproject.toml!)
plugins: anyio-4.12.0, asyncio-1.3.0, cov-7.0.0
asyncio: mode=Mode.AUTO, debug=False, asyncio_default_fixture_loop_scope=function, asyncio_default_test_loop_scope=function
collecting ... collected 2778 items

tests/integration/planning/test_modular_components.py::TestOpportunityCalculatorRegistry::test_all_calculators_registered PASSED [  0%]
tests/integration/planning/test_modular_components.py::TestOpportunityCalculatorRegistry::test_opportunity_buys_calculator ERROR [  0%]
tests/integration/planning/test_modular_components.py::TestOpportunityCalculatorRegistry::test_profit_taking_calculator ERROR [  0%]
tests/integration/planning/test_modular_components.py::TestPatternGeneratorRegistry::test_all_patterns_registered PASSED [  0%]
tests/integration/planning/test_modular_components.py::TestPatternGeneratorRegistry::test_direct_buy_pattern FAILED [  0%]
tests/integration/planning/test_modular_components.py::TestPatternGeneratorRegistry::test_single_best_pattern FAILED [  0%]
tests/integration/planning/test_modular_components.py::TestSequenceGeneratorRegistry::test_all_generators_registered PASSED [  0%]
tests/integration/planning/test_modular_components.py::TestSequenceGeneratorRegistry::test_partial_execution_generator FAILED [  0%]
tests/integration/planning/test_modular_components.py::TestSequenceFilterRegistry::test_all_filters_registered PASSED [  0%]
tests/integration/planning/test_modular_components.py::TestSequenceFilterRegistry::test_diversity_filter PASSED [  0%]
tests/integration/planning/test_modular_components.py::test_end_to_end_module_pipeline FAILED [  0%]
tests/integration/planning/test_modular_planner_parity.py::test_modular_planner_basic_execution ERROR [  0%]
tests/integration/planning/test_modular_planner_parity.py::test_modular_adapter_execution ERROR [  0%]
tests/integration/planning/test_modular_planner_parity.py::test_modular_vs_monolithic_identical_output SKIPPED [  0%]
tests/integration/planning/test_modular_planner_parity.py::test_modular_planner_empty_portfolio ERROR [  0%]
tests/integration/planning/test_modular_planner_parity.py::test_modular_planner_no_cash ERROR [  0%]
tests/integration/planning/test_planner_config_api.py::test_create_planner_config FAILED [  0%]
tests/integration/planning/test_planner_config_api.py::test_create_planner_invalid_toml FAILED [  0%]
tests/integration/planning/test_planner_config_api.py::test_list_planners FAILED [  0%]
tests/integration/planning/test_planner_config_api.py::test_get_planner_by_id FAILED [  0%]
tests/integration/planning/test_planner_config_api.py::test_get_nonexistent_planner FAILED [  0%]
tests/integration/planning/test_planner_config_api.py::test_update_planner FAILED [  0%]
tests/integration/planning/test_planner_config_api.py::test_update_planner_name_only FAILED [  0%]
tests/integration/planning/test_planner_config_api.py::test_update_planner_invalid_toml FAILED [  0%]
tests/integration/planning/test_planner_config_api.py::test_delete_planner FAILED [  0%]
tests/integration/planning/test_planner_config_api.py::test_validate_toml_valid FAILED [  0%]
tests/integration/planning/test_planner_config_api.py::test_validate_toml_invalid FAILED [  0%]
tests/integration/planning/test_planner_config_api.py::test_get_planner_history FAILED [  1%]
tests/integration/planning/test_planner_config_api.py::test_apply_planner_without_bucket FAILED [  1%]
tests/integration/planning/test_registry_and_factory.py::TestRegistry::test_registry_register_and_get PASSED [  1%]
tests/integration/planning/test_registry_and_factory.py::TestRegistry::test_registry_get_nonexistent_returns_none PASSED [  1%]
tests/integration/planning/test_registry_and_factory.py::TestRegistry::test_registry_prevents_duplicate_registration PASSED [  1%]
tests/integration/planning/test_registry_and_factory.py::TestRegistry::test_registry_list_names PASSED [  1%]
tests/integration/planning/test_registry_and_factory.py::TestRegistry::test_registry_get_all PASSED [  1%]
tests/integration/planning/test_registry_and_factory.py::TestRegistry::test_registry_get_all_returns_copy PASSED [  1%]
tests/integration/planning/test_registry_and_factory.py::TestRegistry::test_registry_repr PASSED [  1%]
tests/integration/planning/test_registry_and_factory.py::TestGlobalRegistries::test_opportunity_calculator_registry_populated PASSED [  1%]
tests/integration/planning/test_registry_and_factory.py::TestGlobalRegistries::test_pattern_generator_registry_populated PASSED [  1%]
tests/integration/planning/test_registry_and_factory.py::TestGlobalRegistries::test_sequence_generator_registry_populated PASSED [  1%]
tests/integration/planning/test_registry_and_factory.py::TestGlobalRegistries::test_filter_registry_populated PASSED [  1%]
tests/integration/planning/test_registry_and_factory.py::TestModularPlannerFactory::test_factory_loads_default_config PASSED [  1%]
tests/integration/planning/test_registry_and_factory.py::TestModularPlannerFactory::test_factory_loads_conservative_config PASSED [  1%]
tests/integration/planning/test_registry_and_factory.py::TestModularPlannerFactory::test_factory_loads_aggressive_config PASSED [  1%]
tests/integration/planning/test_registry_and_factory.py::TestModularPlannerFactory::test_factory_fails_fast_on_missing_module PASSED [  1%]
tests/integration/planning/test_registry_and_factory.py::TestModularPlannerFactory::test_factory_from_config_file_helper PASSED [  1%]
tests/integration/planning/test_registry_and_factory.py::TestModularPlannerFactory::test_factory_get_methods PASSED [  1%]
tests/integration/planning/test_registry_and_factory.py::TestModuleIntegration::test_loaded_calculator_has_correct_interface PASSED [  1%]
tests/integration/planning/test_registry_and_factory.py::TestModuleIntegration::test_module_repr_methods PASSED [  1%]
tests/integration/satellites/test_trade_integration.py::test_buy_trade_updates_bucket_balance PASSED [  1%]
tests/integration/satellites/test_trade_integration.py::test_sell_trade_increases_bucket_balance PASSED [  1%]
tests/integration/satellites/test_trade_integration.py::test_research_mode_trade_doesnt_affect_balance PASSED [  1%]
tests/integration/satellites/test_trade_integration.py::test_satellite_trade_updates_satellite_bucket PASSED [  1%]
tests/integration/satellites/test_trade_integration.py::test_trade_bucket_id_stored_correctly PASSED [  1%]
tests/integration/test_concurrent_jobs.py::test_file_lock_prevents_concurrent_execution PASSED [  1%]
tests/integration/test_concurrent_jobs.py::test_file_lock_timeout PASSED [  1%]
tests/integration/test_concurrent_jobs.py::test_concurrent_position_updates_with_lock PASSED [  2%]
tests/integration/test_concurrent_jobs.py::test_concurrent_trade_execution_atomicity PASSED [  2%]
tests/integration/test_error_recovery.py::test_trade_execution_rollback_on_database_error PASSED [  2%]
tests/integration/test_error_recovery.py::test_trade_execution_handles_external_failure PASSED [  2%]
tests/integration/test_error_recovery.py::test_position_sync_recovery_after_partial_failure PASSED [  2%]
tests/integration/test_error_recovery.py::test_price_fetch_retry_logic PASSED [  2%]
tests/integration/test_error_recovery.py::test_price_fetch_fails_after_max_retries PASSED [  2%]
tests/integration/test_error_recovery.py::test_allocation_target_upsert PASSED [  2%]
tests/integration/test_external_api_failures.py::test_yahoo_finance_api_failure_handling PASSED [  2%]
tests/integration/test_external_api_failures.py::test_yahoo_finance_timeout_handling PASSED [  2%]
tests/integration/test_external_api_failures.py::test_tradernet_api_connection_failure PASSED [  2%]
tests/integration/test_external_api_failures.py::test_tradernet_api_request_failure PASSED [  2%]
tests/integration/test_external_api_failures.py::test_rebalancing_service_handles_price_fetch_failure PASSED [  2%]
tests/integration/test_external_api_failures.py::test_exchange_rate_cache_fallback PASSED [  2%]
tests/integration/test_external_api_failures.py::test_exchange_rate_cache_thread_safety PASSED [  2%]
tests/integration/test_external_api_failures.py::test_portfolio_sync_handles_api_failure PASSED [  2%]
tests/integration/test_planner_performance.py::test_planner_completes_in_reasonable_time PASSED [  2%]
tests/integration/test_planner_performance.py::test_planner_handles_empty_portfolio PASSED [  2%]
tests/integration/test_regime_cash_reserve.py::test_bull_market_uses_bull_cash_reserve PASSED [  2%]
tests/integration/test_regime_cash_reserve.py::test_bear_market_uses_bear_cash_reserve PASSED [  2%]
tests/integration/test_regime_cash_reserve.py::test_sideways_market_uses_sideways_cash_reserve PASSED [  2%]
tests/integration/test_regime_cash_reserve.py::test_disabled_regime_detection_uses_default_cash_reserve PASSED [  2%]
tests/integration/test_repositories.py::test_stock_repository_create_and_get PASSED [  2%]
tests/integration/test_repositories.py::test_stock_repository_get_all_active PASSED [  2%]
tests/integration/test_repositories.py::test_position_repository_upsert PASSED [  2%]
tests/integration/test_repositories.py::test_portfolio_repository_create_and_get PASSED [  2%]
tests/integration/test_repositories.py::test_allocation_repository_upsert_and_get PASSED [  2%]
tests/integration/test_repositories.py::test_score_repository_upsert PASSED [  2%]
tests/integration/test_repositories.py::test_trade_repository_create PASSED [  3%]
tests/integration/test_schema_migration.py::test_schema_migration_v5_to_v6_adds_portfolio_target_columns PASSED [  3%]
tests/integration/test_schema_migration.py::test_new_installation_includes_portfolio_target_columns PASSED [  3%]
tests/integration/test_schema_migration.py::test_portfolio_target_columns_are_nullable PASSED [  3%]
tests/integration/test_transactions.py::test_trade_creation_and_retrieval PASSED [  3%]
tests/integration/test_transactions.py::test_transaction_commit_on_success PASSED [  3%]
tests/integration/test_transactions.py::test_multiple_repository_operations_in_transaction PASSED [  3%]
tests/integration/test_transactions.py::test_auto_commit_behavior PASSED [  3%]
tests/unit/api/test_allocation.py::TestGetCurrentAllocation::test_returns_current_allocation PASSED [  3%]
tests/unit/api/test_allocation.py::TestGetCurrentAllocation::test_includes_alerts PASSED [  3%]
tests/unit/api/test_allocation.py::TestGetCurrentAllocation::test_handles_empty_allocations PASSED [  3%]
tests/unit/api/test_allocation.py::TestGetAllocationDeviations::test_returns_deviations_with_status PASSED [  3%]
tests/unit/api/test_allocation.py::TestGetAllocationDeviations::test_calculates_need_correctly PASSED [  3%]
tests/unit/api/test_allocation.py::TestGetAllocationTargets::test_returns_country_and_industry_targets PASSED [  3%]
tests/unit/api/test_allocation.py::TestGetAllocationTargets::test_handles_empty_targets PASSED [  3%]
tests/unit/api/test_allocation.py::TestGetCountryGroups::test_returns_country_groups PASSED [  3%]
tests/unit/api/test_allocation.py::TestGetCountryGroups::test_handles_empty_groups PASSED [  3%]
tests/unit/api/test_allocation.py::TestGetIndustryGroups::test_returns_industry_groups PASSED [  3%]
tests/unit/api/test_allocation.py::TestGetIndustryGroups::test_handles_empty_groups PASSED [  3%]
tests/unit/api/test_allocation.py::TestUpdateCountryGroup::test_creates_or_updates_country_group PASSED [  3%]
tests/unit/api/test_allocation.py::TestUpdateCountryGroup::test_validates_group_name_required PASSED [  3%]
tests/unit/api/test_allocation.py::TestUpdateCountryGroup::test_filters_empty_countries PASSED [  3%]
tests/unit/api/test_allocation.py::TestUpdateCountryGroup::test_allows_empty_country_list PASSED [  3%]
tests/unit/api/test_allocation.py::TestUpdateCountryGroup::test_strips_whitespace_from_group_name PASSED [  3%]
tests/unit/api/test_allocation.py::TestUpdateIndustryGroup::test_creates_or_updates_industry_group PASSED [  3%]
tests/unit/api/test_allocation.py::TestUpdateIndustryGroup::test_validates_group_name_required PASSED [  3%]
tests/unit/api/test_allocation.py::TestUpdateIndustryGroup::test_filters_empty_industries PASSED [  3%]
tests/unit/api/test_allocation.py::TestDeleteCountryGroup::test_deletes_country_group PASSED [  3%]
tests/unit/api/test_allocation.py::TestDeleteIndustryGroup::test_deletes_industry_group PASSED [  4%]
tests/unit/api/test_allocation.py::TestGetAvailableCountries::test_returns_available_countries PASSED [  4%]
tests/unit/api/test_allocation.py::TestGetAvailableCountries::test_handles_empty_list PASSED [  4%]
tests/unit/api/test_allocation.py::TestGetAvailableIndustries::test_returns_available_industries PASSED [  4%]
tests/unit/api/test_allocation.py::TestGetGroupAllocation::test_returns_group_allocations PASSED [  4%]
tests/unit/api/test_allocation.py::TestGetGroupAllocation::test_maps_to_other_when_no_group PASSED [  4%]
tests/unit/api/test_allocation.py::TestGetGroupAllocation::test_handles_zero_total_value PASSED [  4%]
tests/unit/api/test_allocation.py::TestUpdateCountryGroupTargets::test_updates_country_group_targets PASSED [  4%]
tests/unit/api/test_allocation.py::TestUpdateCountryGroupTargets::test_validates_empty_targets PASSED [  4%]
tests/unit/api/test_allocation.py::TestUpdateCountryGroupTargets::test_validates_groups_exist PASSED [  4%]
tests/unit/api/test_allocation.py::TestUpdateCountryGroupTargets::test_validates_weight_range PASSED [  4%]
tests/unit/api/test_allocation.py::TestUpdateCountryGroupTargets::test_filters_zero_targets PASSED [  4%]
tests/unit/api/test_allocation.py::TestUpdateIndustryGroupTargets::test_updates_industry_group_targets PASSED [  4%]
tests/unit/api/test_allocation.py::TestUpdateIndustryGroupTargets::test_validates_empty_targets PASSED [  4%]
tests/unit/api/test_allocation.py::TestUpdateIndustryGroupTargets::test_validates_groups_exist PASSED [  4%]
tests/unit/api/test_allocation.py::TestUpdateIndustryGroupTargets::test_validates_weight_range PASSED [  4%]
tests/unit/api/test_cash_flows.py::TestValidateDateFormat::test_accepts_valid_date_format PASSED [  4%]
tests/unit/api/test_cash_flows.py::TestValidateDateFormat::test_rejects_invalid_date_format PASSED [  4%]
tests/unit/api/test_cash_flows.py::TestValidateDateFormat::test_rejects_invalid_date_values PASSED [  4%]
tests/unit/api/test_cash_flows.py::TestValidateDateFormat::test_rejects_invalid_separator PASSED [  4%]
tests/unit/api/test_cash_flows.py::TestValidateDateFormat::test_rejects_partial_date PASSED [  4%]
tests/unit/api/test_cash_flows.py::TestValidateDateRange::test_accepts_valid_date_range PASSED [  4%]
tests/unit/api/test_cash_flows.py::TestValidateDateRange::test_accepts_none_values PASSED [  4%]
tests/unit/api/test_cash_flows.py::TestValidateDateRange::test_validates_start_date_format PASSED [  4%]
tests/unit/api/test_cash_flows.py::TestValidateDateRange::test_validates_end_date_format PASSED [  4%]
tests/unit/api/test_cash_flows.py::TestValidateDateRange::test_rejects_reversed_date_range PASSED [  4%]
tests/unit/api/test_cash_flows.py::TestFormatCashFlowResponse::test_formats_single_cash_flow PASSED [  4%]
tests/unit/api/test_cash_flows.py::TestFormatCashFlowResponse::test_formats_multiple_cash_flows PASSED [  5%]
tests/unit/api/test_cash_flows.py::TestFormatCashFlowResponse::test_formats_empty_list PASSED [  5%]
tests/unit/api/test_cash_flows.py::TestFormatCashFlowResponse::test_handles_none_optional_fields PASSED [  5%]
tests/unit/api/test_cash_flows.py::TestFetchCashFlows::test_fetches_by_date_range PASSED [  5%]
tests/unit/api/test_cash_flows.py::TestFetchCashFlows::test_fetches_by_transaction_type PASSED [  5%]
tests/unit/api/test_cash_flows.py::TestFetchCashFlows::test_fetches_all_with_limit PASSED [  5%]
tests/unit/api/test_cash_flows.py::TestFetchCashFlows::test_date_range_takes_precedence_over_type PASSED [  5%]
tests/unit/api/test_cash_flows.py::TestFetchCashFlows::test_date_range_requires_both_dates PASSED [  5%]
tests/unit/api/test_cash_flows.py::TestGetCashFlows::test_returns_all_cash_flows PASSED [  5%]
tests/unit/api/test_cash_flows.py::TestGetCashFlows::test_applies_limit PASSED [  5%]
tests/unit/api/test_cash_flows.py::TestGetCashFlows::test_filters_by_transaction_type PASSED [  5%]
tests/unit/api/test_cash_flows.py::TestGetCashFlows::test_filters_by_date_range PASSED [  5%]
tests/unit/api/test_cash_flows.py::TestGetCashFlows::test_validates_date_format PASSED [  5%]
tests/unit/api/test_cash_flows.py::TestGetCashFlows::test_validates_date_range_order PASSED [  5%]
tests/unit/api/test_cash_flows.py::TestGetCashFlows::test_handles_empty_results PASSED [  5%]
tests/unit/api/test_cash_flows.py::TestGetCashFlows::test_handles_repository_error PASSED [  5%]
tests/unit/api/test_cash_flows.py::TestGetCashFlows::test_preserves_http_exceptions PASSED [  5%]
tests/unit/api/test_cash_flows.py::TestSyncCashFlows::test_syncs_transactions_successfully PASSED [  5%]
tests/unit/api/test_cash_flows.py::TestSyncCashFlows::test_handles_no_transactions PASSED [  5%]
tests/unit/api/test_cash_flows.py::TestSyncCashFlows::test_handles_none_transactions PASSED [  5%]
tests/unit/api/test_cash_flows.py::TestSyncCashFlows::test_handles_partial_sync PASSED [  5%]
tests/unit/api/test_cash_flows.py::TestSyncCashFlows::test_handles_api_connection_error PASSED [  5%]
tests/unit/api/test_cash_flows.py::TestSyncCashFlows::test_handles_api_fetch_error PASSED [  5%]
tests/unit/api/test_cash_flows.py::TestSyncCashFlows::test_handles_repository_sync_error PASSED [  5%]
tests/unit/api/test_cash_flows.py::TestGetCashFlowsSummary::test_returns_summary_with_all_types PASSED [  5%]
tests/unit/api/test_cash_flows.py::TestGetCashFlowsSummary::test_handles_multiple_same_type PASSED [  5%]
tests/unit/api/test_cash_flows.py::TestGetCashFlowsSummary::test_handles_none_transaction_type PASSED [  5%]
tests/unit/api/test_cash_flows.py::TestGetCashFlowsSummary::test_handles_empty_cash_flows PASSED [  5%]
tests/unit/api/test_cash_flows.py::TestGetCashFlowsSummary::test_case_insensitive_deposit_matching PASSED [  6%]
tests/unit/api/test_cash_flows.py::TestGetCashFlowsSummary::test_case_insensitive_withdrawal_matching PASSED [  6%]
tests/unit/api/test_cash_flows.py::TestGetCashFlowsSummary::test_rounds_amounts_to_two_decimals PASSED [  6%]
tests/unit/api/test_cash_flows.py::TestGetCashFlowsSummary::test_handles_repository_error PASSED [  6%]
tests/unit/api/test_cash_flows.py::TestGetCashFlowsSummary::test_net_cash_flow_calculation PASSED [  6%]
tests/unit/api/test_cash_flows.py::TestGetCashFlowsSummary::test_handles_mixed_transaction_types PASSED [  6%]
tests/unit/api/test_charts.py::TestParseDateRange::test_parse_1m_range PASSED [  6%]
tests/unit/api/test_charts.py::TestParseDateRange::test_parse_3m_range PASSED [  6%]
tests/unit/api/test_charts.py::TestParseDateRange::test_parse_6m_range PASSED [  6%]
tests/unit/api/test_charts.py::TestParseDateRange::test_parse_1y_range PASSED [  6%]
tests/unit/api/test_charts.py::TestParseDateRange::test_parse_5y_range PASSED [  6%]
tests/unit/api/test_charts.py::TestParseDateRange::test_parse_10y_range PASSED [  6%]
tests/unit/api/test_charts.py::TestParseDateRange::test_parse_all_range PASSED [  6%]
tests/unit/api/test_charts.py::TestParseDateRange::test_parse_invalid_range PASSED [  6%]
tests/unit/api/test_charts.py::TestParseDateRange::test_parse_empty_string PASSED [  6%]
tests/unit/api/test_charts.py::TestShouldFetchData::test_should_fetch_when_no_cached_data PASSED [  6%]
tests/unit/api/test_charts.py::TestShouldFetchData::test_should_not_fetch_when_data_covers_range PASSED [  6%]
tests/unit/api/test_charts.py::TestShouldFetchData::test_should_fetch_when_cached_data_starts_after_range PASSED [  6%]
tests/unit/api/test_charts.py::TestShouldFetchData::test_should_not_fetch_when_no_start_date_and_has_data PASSED [  6%]
tests/unit/api/test_charts.py::TestCombineAndFilterData::test_combines_cached_and_fetched_data PASSED [  6%]
tests/unit/api/test_charts.py::TestCombineAndFilterData::test_removes_duplicates_keeping_latest PASSED [  6%]
tests/unit/api/test_charts.py::TestCombineAndFilterData::test_sorts_by_date PASSED [  6%]
tests/unit/api/test_charts.py::TestCombineAndFilterData::test_filters_by_start_date PASSED [  6%]
tests/unit/api/test_charts.py::TestCombineAndFilterData::test_handles_empty_inputs PASSED [  6%]
tests/unit/api/test_charts.py::TestCombineAndFilterData::test_filters_all_data_outside_range PASSED [  6%]
tests/unit/api/test_charts.py::TestGetCachedStockPrices::test_retrieves_prices_with_date_filter PASSED [  6%]
tests/unit/api/test_charts.py::TestGetCachedStockPrices::test_retrieves_all_prices_when_no_date_filter PASSED [  6%]
tests/unit/api/test_charts.py::TestStoreStockPrices::test_stores_tradernet_ohlc_data PASSED [  6%]
tests/unit/api/test_charts.py::TestStoreStockPrices::test_stores_yahoo_historical_data PASSED [  7%]
tests/unit/api/test_charts.py::TestStoreStockPrices::test_skips_invalid_price_data PASSED [  7%]
tests/unit/api/test_charts.py::TestFetchFromTradernet::test_fetches_and_stores_data PASSED [  7%]
tests/unit/api/test_charts.py::TestFetchFromTradernet::test_returns_empty_when_not_connected PASSED [  7%]
tests/unit/api/test_charts.py::TestFetchFromTradernet::test_returns_empty_on_no_data PASSED [  7%]
tests/unit/api/test_charts.py::TestFetchFromTradernet::test_handles_exception PASSED [  7%]
tests/unit/api/test_charts.py::TestFetchFromYahoo::test_fetches_and_stores_data PASSED [  7%]
tests/unit/api/test_charts.py::TestFetchFromYahoo::test_maps_range_to_yahoo_period PASSED [  7%]
tests/unit/api/test_charts.py::TestFetchFromYahoo::test_uses_max_for_all_range PASSED [  7%]
tests/unit/api/test_charts.py::TestFetchFromYahoo::test_returns_empty_on_no_data PASSED [  7%]
tests/unit/api/test_charts.py::TestFetchFromYahoo::test_handles_exception PASSED [  7%]
tests/unit/api/test_charts.py::TestSparklines::test_returns_sparklines_for_active_stocks PASSED [  7%]
tests/unit/api/test_charts.py::TestSparklines::test_uses_cache_when_available PASSED [  7%]
tests/unit/api/test_charts.py::TestStockChart::test_returns_chart_data_from_cache PASSED [  7%]
tests/unit/api/test_charts.py::TestStockChart::test_returns_empty_when_no_data PASSED [  7%]
tests/unit/api/test_charts.py::TestStockChart::test_raises_http_exception_on_database_error PASSED [  7%]
tests/unit/api/test_errors.py::TestErrorResponse::test_creates_standard_error_response PASSED [  7%]
tests/unit/api/test_errors.py::TestErrorResponse::test_allows_custom_status PASSED [  7%]
tests/unit/api/test_errors.py::TestErrorResponse::test_includes_additional_fields PASSED [  7%]
tests/unit/api/test_errors.py::TestErrorResponse::test_handles_empty_message PASSED [  7%]
tests/unit/api/test_errors.py::TestErrorResponse::test_handles_none_values_in_kwargs PASSED [  7%]
tests/unit/api/test_errors.py::TestErrorResponse::test_handles_nested_data_structures PASSED [  7%]
tests/unit/api/test_errors.py::TestSuccessResponse::test_creates_standard_success_response PASSED [  7%]
tests/unit/api/test_errors.py::TestSuccessResponse::test_includes_data_when_provided PASSED [  7%]
tests/unit/api/test_errors.py::TestSuccessResponse::test_includes_additional_fields PASSED [  7%]
tests/unit/api/test_errors.py::TestSuccessResponse::test_handles_none_data PASSED [  7%]
tests/unit/api/test_errors.py::TestSuccessResponse::test_handles_empty_data_structures PASSED [  7%]
tests/unit/api/test_errors.py::TestSuccessResponse::test_handles_nested_data_structures PASSED [  7%]
tests/unit/api/test_errors.py::TestSuccessResponse::test_kwargs_added_separately_from_data PASSED [  8%]
tests/unit/api/test_models.py::TestPortfolioPosition::test_valid_creation PASSED [  8%]
tests/unit/api/test_models.py::TestPortfolioPosition::test_validates_required_fields PASSED [  8%]
tests/unit/api/test_models.py::TestPortfolioPosition::test_accepts_zero_quantity PASSED [  8%]
tests/unit/api/test_models.py::TestPortfolioPosition::test_handles_negative_values PASSED [  8%]
tests/unit/api/test_models.py::TestPortfolioSummary::test_valid_creation PASSED [  8%]
tests/unit/api/test_models.py::TestPortfolioSummary::test_validates_required_fields PASSED [  8%]
tests/unit/api/test_models.py::TestCashBalance::test_valid_creation PASSED [  8%]
tests/unit/api/test_models.py::TestCashBalance::test_accepts_negative_amount PASSED [  8%]
tests/unit/api/test_models.py::TestCashBreakdownResponse::test_valid_creation PASSED [  8%]
tests/unit/api/test_models.py::TestCashBreakdownResponse::test_accepts_empty_balances PASSED [  8%]
tests/unit/api/test_models.py::TestDailyReturn::test_valid_creation PASSED [  8%]
tests/unit/api/test_models.py::TestDailyReturn::test_accepts_negative_returns PASSED [  8%]
tests/unit/api/test_models.py::TestDailyReturn::test_serializes_with_alias PASSED [  8%]
tests/unit/api/test_models.py::TestMonthlyReturn::test_valid_creation PASSED [  8%]
tests/unit/api/test_models.py::TestReturnsData::test_valid_creation PASSED [  8%]
tests/unit/api/test_models.py::TestRiskMetrics::test_valid_creation PASSED [  8%]
tests/unit/api/test_models.py::TestRiskMetrics::test_accepts_negative_ratios PASSED [  8%]
tests/unit/api/test_models.py::TestAttributionData::test_valid_creation PASSED [  8%]
tests/unit/api/test_models.py::TestPeriodInfo::test_valid_creation PASSED [  8%]
tests/unit/api/test_models.py::TestPeriodInfo::test_accepts_zero_days PASSED [  8%]
tests/unit/api/test_models.py::TestTurnoverInfo::test_valid_creation_with_turnover PASSED [  8%]
tests/unit/api/test_models.py::TestTurnoverInfo::test_valid_creation_without_turnover PASSED [  8%]
tests/unit/api/test_models.py::TestTurnoverInfo::test_validates_required_fields PASSED [  8%]
tests/unit/api/test_models.py::TestPortfolioAnalyticsResponse::test_valid_creation PASSED [  8%]
tests/unit/api/test_models.py::TestPortfolioAnalyticsResponse::test_accepts_optional_turnover PASSED [  8%]
tests/unit/api/test_models.py::TestPortfolioAnalyticsErrorResponse::test_valid_creation PASSED [  8%]
tests/unit/api/test_models.py::TestStatusResponse::test_valid_creation PASSED [  8%]
tests/unit/api/test_models.py::TestStatusResponse::test_accepts_none_last_sync PASSED [  9%]
tests/unit/api/test_models.py::TestDatabaseSize::test_valid_creation PASSED [  9%]
tests/unit/api/test_models.py::TestDatabaseSize::test_accepts_zero_size PASSED [  9%]
tests/unit/api/test_models.py::TestDatabaseStatsResponse::test_valid_creation PASSED [  9%]
tests/unit/api/test_models.py::TestMarketStatus::test_valid_creation PASSED [  9%]
tests/unit/api/test_models.py::TestMarketStatus::test_accepts_closed_market PASSED [  9%]
tests/unit/api/test_models.py::TestMarketsStatusResponse::test_valid_creation PASSED [  9%]
tests/unit/api/test_models.py::TestDiskUsageResponse::test_valid_creation PASSED [  9%]
tests/unit/api/test_models.py::TestJobStatus::test_valid_creation PASSED [  9%]
tests/unit/api/test_models.py::TestJobStatus::test_accepts_none_next_run PASSED [  9%]
tests/unit/api/test_models.py::TestJobsStatusResponse::test_valid_creation PASSED [  9%]
tests/unit/api/test_models.py::TestJobsStatusResponse::test_accepts_empty_jobs_list PASSED [  9%]
tests/unit/api/test_optimizer.py::TestGetOptimizerStatus::test_returns_status_without_cache PASSED [  9%]
tests/unit/api/test_optimizer.py::TestGetOptimizerStatus::test_returns_status_with_cached_result PASSED [  9%]
tests/unit/api/test_optimizer.py::TestGetOptimizerStatus::test_calculates_min_trade_amount FAILED [  9%]
tests/unit/api/test_optimizer.py::TestRunOptimization::test_run_optimization_success PASSED [  9%]
tests/unit/api/test_optimizer.py::TestRunOptimization::test_run_optimization_no_stocks PASSED [  9%]
tests/unit/api/test_optimizer.py::TestRunOptimization::test_run_optimization_caches_result PASSED [  9%]
tests/unit/api/test_optimizer.py::TestRunOptimization::test_run_optimization_handles_tradernet_error PASSED [  9%]
tests/unit/api/test_optimizer.py::TestRunOptimization::test_run_optimization_passes_all_parameters PASSED [  9%]
tests/unit/api/test_optimizer.py::TestRunOptimization::test_run_optimization_calculates_portfolio_value PASSED [  9%]
tests/unit/api/test_optimizer.py::TestOptimizationResultToDict::test_converts_result_with_top_changes PASSED [  9%]
tests/unit/api/test_optimizer.py::TestOptimizationResultToDict::test_converts_result_with_sell_recommendation PASSED [  9%]
tests/unit/api/test_optimizer.py::TestOptimizationResultToDict::test_converts_result_with_next_action PASSED [  9%]
tests/unit/api/test_optimizer.py::TestOptimizationResultToDict::test_converts_result_with_sell_next_action PASSED [  9%]
tests/unit/api/test_optimizer.py::TestOptimizationResultToDict::test_converts_result_no_weight_changes PASSED [  9%]
tests/unit/api/test_optimizer.py::TestOptimizationResultToDict::test_converts_result_with_error PASSED [  9%]
tests/unit/api/test_optimizer.py::TestOptimizationResultToDict::test_limits_to_top_5_changes PASSED [ 10%]
tests/unit/api/test_optimizer.py::TestOptimizationResultToDict::test_includes_high_correlations PASSED [ 10%]
tests/unit/api/test_optimizer.py::TestOptimizationResultToDict::test_includes_constraints_summary PASSED [ 10%]
tests/unit/api/test_optimizer.py::TestUpdateOptimizationCache::test_updates_cache PASSED [ 10%]
tests/unit/api/test_optimizer.py::TestUpdateOptimizationCache::test_updates_cache_timestamp PASSED [ 10%]
tests/unit/api/test_optimizer.py::TestEdgeCases::test_handles_positions_without_prices PASSED [ 10%]
tests/unit/api/test_optimizer.py::TestEdgeCases::test_handles_position_with_zero_quantity PASSED [ 10%]
tests/unit/api/test_optimizer.py::TestEdgeCases::test_handles_none_achieved_return PASSED [ 10%]
tests/unit/api/test_optimizer.py::TestEdgeCases::test_handles_large_change_value PASSED [ 10%]
tests/unit/api/test_optimizer.py::TestOptimizerUsesAllocationRepo::test_uses_allocation_repo_for_country_targets PASSED [ 10%]
tests/unit/api/test_optimizer.py::TestOptimizerUsesAllocationRepo::test_targets_not_divided_by_100_when_already_fractions PASSED [ 10%]
tests/unit/api/test_optimizer.py::TestOptimizerUsesAllocationRepo::test_uses_allocation_repo_and_converts_percentages PASSED [ 10%]
tests/unit/api/test_planner.py::TestRegenerateSequences::test_regenerates_sequences_successfully PASSED [ 10%]
tests/unit/api/test_planner.py::TestRegenerateSequences::test_generates_portfolio_hash PASSED [ 10%]
tests/unit/api/test_planner.py::TestRegenerateSequences::test_handles_tradernet_not_connected PASSED [ 10%]
tests/unit/api/test_planner.py::TestRegenerateSequences::test_handles_tradernet_errors_gracefully PASSED [ 10%]
tests/unit/api/test_planner.py::TestRegenerateSequences::test_deletes_sequences_and_best_result PASSED [ 10%]
tests/unit/api/test_planner.py::TestRegenerateSequences::test_handles_repository_errors PASSED [ 10%]
tests/unit/api/test_planner.py::TestGetPlannerStatus::test_returns_status_when_no_sequences PASSED [ 10%]
tests/unit/api/test_planner.py::TestGetPlannerStatus::test_returns_status_with_sequences PASSED [ 10%]
tests/unit/api/test_planner.py::TestGetPlannerStatus::test_calculates_progress_percentage PASSED [ 10%]
tests/unit/api/test_planner.py::TestGetPlannerStatus::test_detects_planning_active_with_scheduler_job PASSED [ 10%]
tests/unit/api/test_planner.py::TestGetPlannerStatus::test_detects_planning_inactive_when_finished PASSED [ 10%]
tests/unit/api/test_planner.py::TestGetPlannerStatus::test_handles_scheduler_not_available PASSED [ 10%]
tests/unit/api/test_planner.py::TestGetPlannerStatus::test_handles_errors_gracefully PASSED [ 10%]
tests/unit/api/test_planner.py::TestStreamPlannerStatus::test_streams_initial_status PASSED [ 10%]
tests/unit/api/test_planner.py::TestStreamPlannerStatus::test_streams_sse_format PASSED [ 10%]
tests/unit/api/test_planner.py::TestStreamPlannerStatus::test_handles_stream_errors PASSED [ 10%]
tests/unit/api/test_portfolio.py::TestGetPortfolio::test_returns_positions_with_stock_info PASSED [ 11%]
tests/unit/api/test_portfolio.py::TestGetPortfolio::test_handles_position_without_stock PASSED [ 11%]
tests/unit/api/test_portfolio.py::TestGetPortfolio::test_sorts_by_market_value PASSED [ 11%]
tests/unit/api/test_portfolio.py::TestGetPortfolio::test_handles_empty_portfolio PASSED [ 11%]
tests/unit/api/test_portfolio.py::TestGetPortfolio::test_handles_none_prices PASSED [ 11%]
tests/unit/api/test_portfolio.py::TestGetPortfolioSummary::test_returns_summary PASSED [ 11%]
tests/unit/api/test_portfolio.py::TestGetPortfolioSummary::test_handles_missing_geographies PASSED [ 11%]
tests/unit/api/test_portfolio.py::TestGetPortfolioHistory::test_returns_history PASSED [ 11%]
tests/unit/api/test_portfolio.py::TestGetPortfolioHistory::test_requests_90_days PASSED [ 11%]
tests/unit/api/test_portfolio.py::TestGetTransactionHistory::test_returns_transaction_history PASSED [ 11%]
tests/unit/api/test_portfolio.py::TestGetTransactionHistory::test_handles_api_error PASSED [ 11%]
tests/unit/api/test_portfolio.py::TestGetCashBreakdown::test_returns_cash_breakdown PASSED [ 11%]
tests/unit/api/test_portfolio.py::TestGetCashBreakdown::test_handles_no_connection PASSED [ 11%]
tests/unit/api/test_portfolio.py::TestGetCashBreakdown::test_handles_api_error PASSED [ 11%]
tests/unit/api/test_portfolio.py::TestGetPortfolioAnalytics::test_returns_analytics PASSED [ 11%]
tests/unit/api/test_portfolio.py::TestGetPortfolioAnalytics::test_handles_insufficient_data PASSED [ 11%]
tests/unit/api/test_portfolio.py::TestGetPortfolioAnalytics::test_handles_analytics_error PASSED [ 11%]
tests/unit/api/test_recommendations.py::TestGetRecommendations::test_returns_recommendation_sequence PASSED [ 11%]
tests/unit/api/test_recommendations.py::TestGetRecommendations::test_returns_empty_when_no_recommendations PASSED [ 11%]
tests/unit/api/test_recommendations.py::TestGetRecommendations::test_uses_recommendations_cache_key PASSED [ 11%]
tests/unit/api/test_recommendations.py::TestGetRecommendations::test_returns_cached_data_when_available PASSED [ 11%]
tests/unit/api/test_recommendations.py::TestGetRecommendations::test_caches_result_with_ttl PASSED [ 11%]
tests/unit/api/test_recommendations.py::TestGetRecommendations::test_handles_multiple_steps PASSED [ 11%]
tests/unit/api/test_recommendations.py::TestGetRecommendations::test_rounds_numeric_values PASSED [ 11%]
tests/unit/api/test_recommendations.py::TestGetRecommendations::test_handles_service_exception PASSED [ 11%]
tests/unit/api/test_recommendations.py::TestGetRecommendations::test_propagates_http_exception PASSED [ 11%]
tests/unit/api/test_recommendations.py::TestGetRecommendations::test_generates_portfolio_aware_cache_key PASSED [ 11%]
tests/unit/api/test_recommendations.py::TestExecuteRecommendation::test_executes_first_step_only PASSED [ 11%]
tests/unit/api/test_recommendations.py::TestExecuteRecommendation::test_no_step_number_parameter PASSED [ 12%]
tests/unit/api/test_recommendations.py::TestExecuteRecommendation::test_uses_recommendations_cache_key_for_execute PASSED [ 12%]
tests/unit/api/test_recommendations.py::TestExecuteRecommendation::test_regenerates_cache_on_miss PASSED [ 12%]
tests/unit/api/test_recommendations.py::TestExecuteRecommendation::test_raises_404_when_no_recommendations PASSED [ 12%]
tests/unit/api/test_recommendations.py::TestExecuteRecommendation::test_validates_trade_before_execution PASSED [ 12%]
tests/unit/api/test_recommendations.py::TestExecuteRecommendation::test_records_trade_after_execution PASSED [ 12%]
tests/unit/api/test_recommendations.py::TestExecuteRecommendation::test_invalidates_caches_after_execution PASSED [ 12%]
tests/unit/api/test_recommendations.py::TestExecuteRecommendation::test_raises_500_when_order_fails PASSED [ 12%]
tests/unit/api/test_recommendations.py::TestExecuteRecommendation::test_handles_exception_during_execution PASSED [ 12%]
tests/unit/api/test_recommendations.py::TestExecuteRecommendation::test_propagates_http_exception_from_safety_check PASSED [ 12%]
tests/unit/api/test_recommendations.py::TestExecuteSingleStep::test_executes_step_successfully PASSED [ 12%]
tests/unit/api/test_recommendations.py::TestExecuteSingleStep::test_blocks_when_pending_order_exists PASSED [ 12%]
tests/unit/api/test_recommendations.py::TestExecuteSingleStep::test_handles_failed_order PASSED [ 12%]
tests/unit/api/test_recommendations.py::TestExecuteSingleStep::test_handles_exception_during_execution PASSED [ 12%]
tests/unit/api/test_recommendations.py::TestExecuteSingleStep::test_records_trade_after_successful_order PASSED [ 12%]
tests/unit/api/test_recommendations.py::TestRegenerateRecommendationsCache::test_regenerates_cache_successfully PASSED [ 12%]
tests/unit/api/test_recommendations.py::TestRegenerateRecommendationsCache::test_raises_404_when_no_recommendations PASSED [ 12%]
tests/unit/api/test_recommendations.py::TestRegenerateRecommendationsCache::test_caches_regenerated_data PASSED [ 12%]
tests/unit/api/test_recommendations.py::TestRemovedEndpoints::test_execute_all_endpoint_does_not_exist PASSED [ 12%]
tests/unit/api/test_recommendations.py::TestRemovedEndpoints::test_strategies_endpoint_does_not_exist PASSED [ 12%]
tests/unit/api/test_recommendations.py::TestRemovedEndpoints::test_get_all_strategies_endpoint_does_not_exist PASSED [ 12%]
tests/unit/api/test_securities.py::TestGetStocks::test_get_stocks_returns_cached_data PASSED [ 12%]
tests/unit/api/test_securities.py::TestGetStocks::test_get_stocks_fetches_when_no_cache PASSED [ 12%]
tests/unit/api/test_securities.py::TestGetStock::test_get_stock_found PASSED [ 12%]
tests/unit/api/test_securities.py::TestGetStock::test_get_stock_not_found PASSED [ 12%]
tests/unit/api/test_securities.py::TestGetStock::test_get_stock_with_score PASSED [ 12%]
tests/unit/api/test_securities.py::TestGetStock::test_get_stock_with_position PASSED [ 12%]
tests/unit/api/test_securities.py::TestCreateStock::test_create_stock_already_exists PASSED [ 12%]
tests/unit/api/test_securities.py::TestCreateStock::test_create_stock_with_industry PASSED [ 13%]
tests/unit/api/test_securities.py::TestCreateStock::test_create_stock_detects_industry PASSED [ 13%]
tests/unit/api/test_securities.py::TestRefreshAllScores::test_refresh_all_scores_success PASSED [ 13%]
tests/unit/api/test_securities.py::TestRefreshAllScores::test_refresh_all_scores_detects_missing_industry PASSED [ 13%]
tests/unit/api/test_securities.py::TestRefreshAllScores::test_refresh_all_scores_error PASSED [ 13%]
tests/unit/api/test_securities.py::TestRefreshStockScore::test_refresh_stock_score_success PASSED [ 13%]
tests/unit/api/test_securities.py::TestRefreshStockScore::test_refresh_stock_score_not_found PASSED [ 13%]
tests/unit/api/test_securities.py::TestRefreshStockScore::test_refresh_stock_score_failed PASSED [ 13%]
tests/unit/api/test_securities.py::TestUpdateStock::test_update_stock_success PASSED [ 13%]
tests/unit/api/test_securities.py::TestUpdateStock::test_update_stock_not_found PASSED [ 13%]
tests/unit/api/test_securities.py::TestUpdateStock::test_update_stock_no_updates PASSED [ 13%]
tests/unit/api/test_securities.py::TestUpdateStock::test_update_stock_symbol_change PASSED [ 13%]
tests/unit/api/test_securities.py::TestUpdateStock::test_update_stock_with_portfolio_targets PASSED [ 13%]
tests/unit/api/test_securities.py::TestUpdateStock::test_update_stock_portfolio_target_validation_min_clamped PASSED [ 13%]
tests/unit/api/test_securities.py::TestUpdateStock::test_update_stock_portfolio_target_validation_max_clamped PASSED [ 13%]
tests/unit/api/test_securities.py::TestUpdateStock::test_update_stock_portfolio_target_max_less_than_min PASSED [ 13%]
tests/unit/api/test_securities.py::TestGetStockResponse::test_get_stock_includes_portfolio_targets PASSED [ 13%]
tests/unit/api/test_securities.py::TestGetStocksResponse::test_get_stocks_includes_portfolio_targets PASSED [ 13%]
tests/unit/api/test_securities.py::TestDeleteStock::test_delete_stock_success PASSED [ 13%]
tests/unit/api/test_securities.py::TestDeleteStock::test_delete_stock_not_found PASSED [ 13%]
tests/unit/api/test_securities.py::TestValidateSymbolChange::test_validate_same_symbol PASSED [ 13%]
tests/unit/api/test_securities.py::TestValidateSymbolChange::test_validate_new_symbol_available PASSED [ 13%]
tests/unit/api/test_securities.py::TestValidateSymbolChange::test_validate_new_symbol_taken PASSED [ 13%]
tests/unit/api/test_securities.py::TestHelperFunctions::test_apply_string_update_with_value PASSED [ 13%]
tests/unit/api/test_securities.py::TestHelperFunctions::test_apply_string_update_with_transform PASSED [ 13%]
tests/unit/api/test_securities.py::TestHelperFunctions::test_apply_string_update_with_none PASSED [ 13%]
tests/unit/api/test_securities.py::TestHelperFunctions::test_apply_numeric_update_with_value PASSED [ 13%]
tests/unit/api/test_securities.py::TestHelperFunctions::test_apply_numeric_update_with_clamp PASSED [ 14%]
tests/unit/api/test_securities.py::TestHelperFunctions::test_apply_numeric_update_with_none PASSED [ 14%]
tests/unit/api/test_securities.py::TestHelperFunctions::test_apply_boolean_update_with_value PASSED [ 14%]
tests/unit/api/test_securities.py::TestHelperFunctions::test_apply_boolean_update_with_false PASSED [ 14%]
tests/unit/api/test_securities.py::TestHelperFunctions::test_apply_boolean_update_with_none PASSED [ 14%]
tests/unit/api/test_securities.py::TestHelperFunctions::test_build_update_dict PASSED [ 14%]
tests/unit/api/test_securities.py::TestHelperFunctions::test_build_update_dict_with_new_symbol PASSED [ 14%]
tests/unit/api/test_securities.py::TestHelperFunctions::test_format_stock_response_without_score PASSED [ 14%]
tests/unit/api/test_securities.py::TestHelperFunctions::test_format_stock_response_with_score PASSED [ 14%]
tests/unit/api/test_settings.py::TestSettingDefaults::test_has_min_hold_days FAILED [ 14%]
tests/unit/api/test_settings.py::TestSettingDefaults::test_has_trading_mode PASSED [ 14%]
tests/unit/api/test_settings.py::TestSettingDefaults::test_has_optimizer_settings PASSED [ 14%]
tests/unit/api/test_settings.py::TestSettingDefaults::test_has_transaction_cost_settings FAILED [ 14%]
tests/unit/api/test_settings.py::TestSettingDefaults::test_has_min_cash_reserve PASSED [ 14%]
tests/unit/api/test_settings.py::TestSettingDefaults::test_has_job_scheduling_settings PASSED [ 14%]
tests/unit/api/test_settings.py::TestGetSetting::test_returns_stored_value PASSED [ 14%]
tests/unit/api/test_settings.py::TestGetSetting::test_returns_none_when_not_set PASSED [ 14%]
tests/unit/api/test_settings.py::TestGetSetting::test_returns_default_when_not_set PASSED [ 14%]
tests/unit/api/test_settings.py::TestGetSettingsBatch::test_returns_requested_keys_from_cache PASSED [ 14%]
tests/unit/api/test_settings.py::TestGetSettingsBatch::test_fetches_from_db_when_not_cached PASSED [ 14%]
tests/unit/api/test_settings.py::TestSetSetting::test_sets_value_in_repo PASSED [ 14%]
tests/unit/api/test_settings.py::TestGetSettingValue::test_returns_db_value_as_float PASSED [ 14%]
tests/unit/api/test_settings.py::TestGetSettingValue::test_returns_default_when_not_in_db FAILED [ 14%]
tests/unit/api/test_settings.py::TestGetSettingValue::test_returns_zero_for_unknown_setting PASSED [ 14%]
tests/unit/api/test_settings.py::TestTradingMode::test_get_trading_mode_returns_live PASSED [ 14%]
tests/unit/api/test_settings.py::TestTradingMode::test_get_trading_mode_returns_research PASSED [ 14%]
tests/unit/api/test_settings.py::TestTradingMode::test_get_trading_mode_defaults_to_research PASSED [ 14%]
tests/unit/api/test_settings.py::TestTradingMode::test_get_trading_mode_rejects_invalid PASSED [ 14%]
tests/unit/api/test_settings.py::TestTradingMode::test_set_trading_mode_live PASSED [ 15%]
tests/unit/api/test_settings.py::TestTradingMode::test_set_trading_mode_rejects_invalid PASSED [ 15%]
tests/unit/api/test_settings.py::TestGetJobSettings::test_returns_all_job_settings PASSED [ 15%]
tests/unit/api/test_settings.py::TestGetJobSettings::test_uses_defaults_when_not_set PASSED [ 15%]
tests/unit/api/test_settings.py::TestGetAllSettingsEndpoint::test_returns_all_settings FAILED [ 15%]
tests/unit/api/test_settings.py::TestGetAllSettingsEndpoint::test_includes_trading_mode_as_string PASSED [ 15%]
tests/unit/api/test_settings.py::TestUpdateSettingEndpoint::test_updates_numeric_setting FAILED [ 15%]
tests/unit/api/test_settings.py::TestUpdateSettingEndpoint::test_rejects_unknown_setting PASSED [ 15%]
tests/unit/api/test_settings.py::TestUpdateSettingEndpoint::test_invalidates_recommendation_cache_for_optimizer_settings PASSED [ 15%]
tests/unit/api/test_settings.py::TestRestartEndpoints::test_restart_service PASSED [ 15%]
tests/unit/api/test_settings.py::TestRestartEndpoints::test_restart_service_handles_failure PASSED [ 15%]
tests/unit/api/test_settings.py::TestRestartEndpoints::test_restart_system PASSED [ 15%]
tests/unit/api/test_settings.py::TestCacheManagement::test_reset_cache PASSED [ 15%]
tests/unit/api/test_settings.py::TestCacheManagement::test_get_cache_stats PASSED [ 15%]
tests/unit/api/test_settings.py::TestRescheduleJobs::test_reschedule_jobs PASSED [ 15%]
tests/unit/api/test_settings.py::TestTradingModeEndpoints::test_get_trading_mode_endpoint PASSED [ 15%]
tests/unit/api/test_settings.py::TestTradingModeEndpoints::test_toggle_trading_mode_from_research_to_live PASSED [ 15%]
tests/unit/api/test_settings.py::TestTradingModeEndpoints::test_toggle_trading_mode_from_live_to_research PASSED [ 15%]
tests/unit/api/test_status.py::TestGetStatus::test_returns_healthy_status_with_data FAILED [ 15%]
tests/unit/api/test_status.py::TestGetStatus::test_handles_no_portfolio_snapshot PASSED [ 15%]
tests/unit/api/test_status.py::TestGetStatus::test_handles_no_positions PASSED [ 15%]
tests/unit/api/test_status.py::TestGetStatus::test_handles_invalid_date_format PASSED [ 15%]
tests/unit/api/test_status.py::TestGetStatus::test_handles_position_without_last_updated PASSED [ 15%]
tests/unit/api/test_status.py::TestGetStatus::test_finds_most_recent_position_update PASSED [ 15%]
tests/unit/api/test_status.py::TestSyncTriggers::test_portfolio_sync_success PASSED [ 15%]
tests/unit/api/test_status.py::TestSyncTriggers::test_portfolio_sync_handles_error PASSED [ 15%]
tests/unit/api/test_status.py::TestSyncTriggers::test_price_sync_success PASSED [ 15%]
tests/unit/api/test_status.py::TestSyncTriggers::test_price_sync_handles_error PASSED [ 15%]
tests/unit/api/test_status.py::TestSyncTriggers::test_historical_sync_success PASSED [ 16%]
tests/unit/api/test_status.py::TestSyncTriggers::test_daily_maintenance_success PASSED [ 16%]
tests/unit/api/test_status.py::TestTradernetStatus::test_connected_status PASSED [ 16%]
tests/unit/api/test_status.py::TestTradernetStatus::test_disconnected_when_client_none PASSED [ 16%]
tests/unit/api/test_status.py::TestTradernetStatus::test_disconnected_on_exception PASSED [ 16%]
tests/unit/api/test_status.py::TestJobStatus::test_returns_job_health_status PASSED [ 16%]
tests/unit/api/test_status.py::TestJobStatus::test_handles_error PASSED  [ 16%]
tests/unit/api/test_status.py::TestDatabaseStats::test_returns_database_stats PASSED [ 16%]
tests/unit/api/test_status.py::TestDatabaseStats::test_handles_error PASSED [ 16%]
tests/unit/api/test_status.py::TestDiskUsageHelpers::test_calculate_data_dir_size_empty_dir PASSED [ 16%]
tests/unit/api/test_status.py::TestDiskUsageHelpers::test_calculate_data_dir_size_with_files PASSED [ 16%]
tests/unit/api/test_status.py::TestDiskUsageHelpers::test_calculate_data_dir_size_nonexistent PASSED [ 16%]
tests/unit/api/test_status.py::TestDiskUsageHelpers::test_calculate_data_dir_size_nested_files PASSED [ 16%]
tests/unit/api/test_status.py::TestDiskUsageHelpers::test_get_core_db_sizes PASSED [ 16%]
tests/unit/api/test_status.py::TestDiskUsageHelpers::test_get_core_db_sizes_missing_dbs PASSED [ 16%]
tests/unit/api/test_status.py::TestDiskUsageHelpers::test_get_history_db_info PASSED [ 16%]
tests/unit/api/test_status.py::TestDiskUsageHelpers::test_get_history_db_info_no_history_dir PASSED [ 16%]
tests/unit/api/test_status.py::TestDiskUsageHelpers::test_get_backup_info PASSED [ 16%]
tests/unit/api/test_status.py::TestDiskUsageHelpers::test_get_backup_info_no_backups PASSED [ 16%]
tests/unit/api/test_status.py::TestDiskUsageEndpoint::test_returns_disk_usage PASSED [ 16%]
tests/unit/api/test_status.py::TestDiskUsageEndpoint::test_handles_error PASSED [ 16%]
tests/unit/api/test_trades.py::TestTradeRequestValidation::test_validates_symbol PASSED [ 16%]
tests/unit/api/test_trades.py::TestTradeRequestValidation::test_validates_quantity_positive PASSED [ 16%]
tests/unit/api/test_trades.py::TestTradeRequestValidation::test_validates_quantity_max PASSED [ 16%]
tests/unit/api/test_trades.py::TestTradeRequestValidation::test_accepts_valid_request PASSED [ 16%]
tests/unit/api/test_trades.py::TestGetTrades::test_returns_trade_history PASSED [ 16%]
tests/unit/api/test_trades.py::TestExecuteTrade::test_raises_404_for_unknown_stock PASSED [ 16%]
tests/unit/api/test_trades.py::TestExecuteTrade::test_executes_trade_successfully PASSED [ 16%]
tests/unit/api/test_trades.py::TestExecuteTrade::test_raises_500_on_trade_failure PASSED [ 17%]
tests/unit/api/test_trades.py::TestGetAllocation::test_returns_allocation_data PASSED [ 17%]
tests/unit/cash_flows/test_deposit_processor.py::TestShouldProcessCashFlow::test_detects_deposit_type PASSED [ 17%]
tests/unit/cash_flows/test_deposit_processor.py::TestShouldProcessCashFlow::test_detects_refill_type PASSED [ 17%]
tests/unit/cash_flows/test_deposit_processor.py::TestShouldProcessCashFlow::test_detects_transfer_in_type PASSED [ 17%]
tests/unit/cash_flows/test_deposit_processor.py::TestShouldProcessCashFlow::test_ignores_withdrawal_type PASSED [ 17%]
tests/unit/cash_flows/test_deposit_processor.py::TestShouldProcessCashFlow::test_ignores_dividend_type PASSED [ 17%]
tests/unit/cash_flows/test_deposit_processor.py::TestShouldProcessCashFlow::test_handles_transaction_type_field PASSED [ 17%]
tests/unit/cash_flows/test_deposit_processor.py::TestShouldProcessCashFlow::test_case_insensitive_matching PASSED [ 17%]
tests/unit/cash_flows/test_deposit_processor.py::TestProcessDeposit::test_processes_deposit_with_satellites PASSED [ 17%]
tests/unit/cash_flows/test_deposit_processor.py::TestProcessDeposit::test_returns_proper_structure PASSED [ 17%]
tests/unit/cash_flows/test_deposit_processor.py::TestProcessDeposit::test_handles_missing_transaction_id PASSED [ 17%]
tests/unit/cash_flows/test_deposit_processor.py::TestProcessDeposit::test_handles_missing_description PASSED [ 17%]
tests/unit/cash_flows/test_deposit_processor.py::TestProcessDeposit::test_processes_usd_deposit PASSED [ 17%]
tests/unit/cash_flows/test_deposit_processor.py::TestDepositProcessorEdgeCases::test_handles_zero_amount PASSED [ 17%]
tests/unit/cash_flows/test_deposit_processor.py::TestDepositProcessorEdgeCases::test_handles_small_amount PASSED [ 17%]
tests/unit/cash_flows/test_deposit_processor.py::TestDepositProcessorEdgeCases::test_handles_large_amount PASSED [ 17%]
tests/unit/domain/analytics/test_attribution_factors.py::TestGetFactorAttribution::test_returns_zero_for_empty_returns PASSED [ 17%]
tests/unit/domain/analytics/test_attribution_factors.py::TestGetFactorAttribution::test_calculates_contributions_correctly PASSED [ 17%]
tests/unit/domain/analytics/test_attribution_factors.py::TestGetFactorAttribution::test_handles_empty_attribution PASSED [ 17%]
tests/unit/domain/analytics/test_attribution_factors.py::TestGetFactorAttribution::test_handles_non_finite_total_return PASSED [ 17%]
tests/unit/domain/analytics/test_attribution_factors.py::TestGetFactorAttribution::test_handles_non_finite_contributions PASSED [ 17%]
tests/unit/domain/analytics/test_attribution_factors.py::TestGetFactorAttribution::test_calculates_single_category_contribution PASSED [ 17%]
tests/unit/domain/analytics/test_attribution_factors.py::TestGetFactorAttribution::test_calculates_negative_contributions PASSED [ 17%]
tests/unit/domain/analytics/test_attribution_performance.py::TestAttributeReturnByCategory::test_attributes_return_by_country_and_industry PASSED [ 17%]
tests/unit/domain/analytics/test_attribution_performance.py::TestAttributeReturnByCategory::test_handles_unknown_country PASSED [ 17%]
tests/unit/domain/analytics/test_attribution_performance.py::TestAttributeReturnByCategory::test_handles_missing_industry PASSED [ 17%]
tests/unit/domain/analytics/test_attribution_performance.py::TestCalculateAnnualizedAttribution::test_calculates_annualized_attribution_correctly PASSED [ 17%]
tests/unit/domain/analytics/test_attribution_performance.py::TestCalculateAnnualizedAttribution::test_handles_total_return_less_than_minus_one PASSED [ 18%]
tests/unit/domain/analytics/test_attribution_performance.py::TestCalculateAnnualizedAttribution::test_handles_empty_contributions PASSED [ 18%]
tests/unit/domain/analytics/test_attribution_performance.py::TestCalculateAnnualizedAttribution::test_handles_non_finite_values PASSED [ 18%]
tests/unit/domain/analytics/test_attribution_performance.py::TestGetPerformanceAttribution::test_returns_empty_for_empty_returns PASSED [ 18%]
tests/unit/domain/analytics/test_attribution_performance.py::TestGetPerformanceAttribution::test_returns_empty_for_empty_positions PASSED [ 18%]
tests/unit/domain/analytics/test_attribution_performance.py::TestGetPerformanceAttribution::test_calculates_attribution_correctly PASSED [ 18%]
tests/unit/domain/analytics/test_attribution_performance.py::TestGetPerformanceAttribution::test_skips_dates_with_no_positions PASSED [ 18%]
tests/unit/domain/analytics/test_attribution_performance.py::TestGetPerformanceAttribution::test_skips_zero_total_value PASSED [ 18%]
tests/unit/domain/analytics/test_market_regime.py::TestRegimeClassification::test_classifies_bull_market_correctly PASSED [ 18%]
tests/unit/domain/analytics/test_market_regime.py::TestRegimeClassification::test_classifies_bear_market_correctly PASSED [ 18%]
tests/unit/domain/analytics/test_market_regime.py::TestRegimeClassification::test_classifies_sideways_market_correctly PASSED [ 18%]
tests/unit/domain/analytics/test_market_regime.py::TestRegimeClassification::test_exactly_at_bull_threshold_classifies_bull PASSED [ 18%]
tests/unit/domain/analytics/test_market_regime.py::TestMACalculation::test_calculates_200_day_ma_correctly PASSED [ 18%]
tests/unit/domain/analytics/test_market_regime.py::TestMACalculation::test_handles_insufficient_data_gracefully PASSED [ 18%]
tests/unit/domain/analytics/test_market_regime.py::TestDistanceCalculation::test_calculates_distance_from_ma_correctly PASSED [ 18%]
tests/unit/domain/analytics/test_market_regime.py::TestDistanceCalculation::test_handles_zero_ma_gracefully PASSED [ 18%]
tests/unit/domain/analytics/test_market_regime.py::TestErrorHandling::test_api_failure_returns_default_regime PASSED [ 18%]
tests/unit/domain/analytics/test_market_regime_cache.py::TestRegimeCache::test_uses_cached_regime_when_available PASSED [ 18%]
tests/unit/domain/analytics/test_market_regime_cache.py::TestRegimeCache::test_caches_regime_after_detection PASSED [ 18%]
tests/unit/domain/analytics/test_market_regime_cache.py::TestRegimeCache::test_bypasses_cache_when_use_cache_false PASSED [ 18%]
tests/unit/domain/analytics/test_market_regime_cache.py::TestRegimeCache::test_handles_cache_failure_gracefully PASSED [ 18%]
tests/unit/domain/analytics/test_metrics_portfolio.py::TestGetPortfolioMetrics::test_calculates_metrics_for_valid_returns PASSED [ 18%]
tests/unit/domain/analytics/test_metrics_portfolio.py::TestGetPortfolioMetrics::test_returns_zero_metrics_for_empty_returns PASSED [ 18%]
tests/unit/domain/analytics/test_metrics_portfolio.py::TestGetPortfolioMetrics::test_returns_zero_metrics_for_single_value PASSED [ 18%]
tests/unit/domain/analytics/test_metrics_portfolio.py::TestGetPortfolioMetrics::test_handles_negative_returns PASSED [ 18%]
tests/unit/domain/analytics/test_metrics_portfolio.py::TestGetPortfolioMetrics::test_handles_risk_free_rate PASSED [ 18%]
tests/unit/domain/analytics/test_metrics_portfolio.py::TestGetPortfolioMetrics::test_handles_benchmark PASSED [ 18%]
tests/unit/domain/analytics/test_metrics_portfolio.py::TestGetPortfolioMetrics::test_handles_infinite_values_gracefully PASSED [ 19%]
tests/unit/domain/analytics/test_metrics_portfolio.py::TestGetPortfolioMetrics::test_handles_nan_values_gracefully PASSED [ 19%]
tests/unit/domain/analytics/test_metrics_portfolio.py::TestGetPortfolioMetrics::test_calmar_ratio_handles_zero_drawdown PASSED [ 19%]
tests/unit/domain/analytics/test_metrics_portfolio.py::TestGetPortfolioMetrics::test_error_handling_returns_zero_metrics PASSED [ 19%]
tests/unit/domain/analytics/test_metrics_returns.py::TestCalculatePortfolioReturns::test_calculates_daily_returns PASSED [ 19%]
tests/unit/domain/analytics/test_metrics_returns.py::TestCalculatePortfolioReturns::test_handles_single_value PASSED [ 19%]
tests/unit/domain/analytics/test_metrics_returns.py::TestCalculatePortfolioReturns::test_handles_empty_series PASSED [ 19%]
tests/unit/domain/analytics/test_metrics_returns.py::TestCalculatePortfolioReturns::test_handles_zero_initial_value PASSED [ 19%]
tests/unit/domain/analytics/test_metrics_returns.py::TestCalculatePortfolioReturns::test_preserves_datetime_index PASSED [ 19%]
tests/unit/domain/analytics/test_metrics_returns.py::TestCalculatePortfolioReturns::test_handles_string_index_and_converts_to_datetime PASSED [ 19%]
tests/unit/domain/analytics/test_metrics_returns.py::TestCalculatePortfolioReturns::test_handles_negative_values PASSED [ 19%]
tests/unit/domain/analytics/test_metrics_returns.py::TestCalculatePortfolioReturns::test_handles_constant_values PASSED [ 19%]
tests/unit/domain/analytics/test_position_drawdown.py::TestGetPositionDrawdown::test_returns_none_for_insufficient_data PASSED [ 19%]
tests/unit/domain/analytics/test_position_drawdown.py::TestGetPositionDrawdown::test_calculates_max_drawdown_from_peak PASSED [ 19%]
tests/unit/domain/analytics/test_position_drawdown.py::TestGetPositionDrawdown::test_calculates_current_drawdown_from_latest_peak PASSED [ 19%]
tests/unit/domain/analytics/test_position_drawdown.py::TestGetPositionDrawdown::test_returns_zero_drawdown_when_at_peak PASSED [ 19%]
tests/unit/domain/analytics/test_position_drawdown.py::TestGetPositionDrawdown::test_handles_single_price_point PASSED [ 19%]
tests/unit/domain/analytics/test_position_drawdown.py::TestGetPositionDrawdown::test_handles_declining_prices PASSED [ 19%]
tests/unit/domain/analytics/test_position_drawdown.py::TestGetPositionDrawdown::test_handles_recovery_after_drawdown PASSED [ 19%]
tests/unit/domain/analytics/test_position_risk.py::TestGetPositionRiskMetrics::test_returns_cached_metrics_if_available PASSED [ 19%]
tests/unit/domain/analytics/test_position_risk.py::TestGetPositionRiskMetrics::test_returns_zero_metrics_for_insufficient_data PASSED [ 19%]
tests/unit/domain/analytics/test_position_risk.py::TestGetPositionRiskMetrics::test_returns_zero_metrics_for_single_price_point PASSED [ 19%]
tests/unit/domain/analytics/test_position_risk.py::TestGetPositionRiskMetrics::test_calculates_metrics_correctly PASSED [ 19%]
tests/unit/domain/analytics/test_position_risk.py::TestGetPositionRiskMetrics::test_handles_empty_returns_series PASSED [ 19%]
tests/unit/domain/analytics/test_position_risk.py::TestGetPositionRiskMetrics::test_handles_non_finite_metrics PASSED [ 19%]
tests/unit/domain/analytics/test_position_risk.py::TestGetPositionRiskMetrics::test_handles_exceptions_gracefully PASSED [ 19%]
tests/unit/domain/analytics/test_reconstruction_cash.py::TestReconstructCashBalance::test_returns_series_with_initial_cash PASSED [ 19%]
tests/unit/domain/analytics/test_reconstruction_cash.py::TestReconstructCashBalance::test_handles_deposit_transaction PASSED [ 19%]
tests/unit/domain/analytics/test_reconstruction_cash.py::TestReconstructCashBalance::test_handles_withdrawal_transaction PASSED [ 20%]
tests/unit/domain/analytics/test_reconstruction_cash.py::TestReconstructCashBalance::test_handles_dividend_transaction PASSED [ 20%]
tests/unit/domain/analytics/test_reconstruction_cash.py::TestReconstructCashBalance::test_handles_buy_trade PASSED [ 20%]
tests/unit/domain/analytics/test_reconstruction_cash.py::TestReconstructCashBalance::test_handles_sell_trade PASSED [ 20%]
tests/unit/domain/analytics/test_reconstruction_cash.py::TestReconstructCashBalance::test_handles_trade_without_value_eur PASSED [ 20%]
tests/unit/domain/analytics/test_reconstruction_cash.py::TestReconstructCashBalance::test_handles_multiple_transactions_on_same_date PASSED [ 20%]
tests/unit/domain/analytics/test_reconstruction_cash.py::TestReconstructCashBalance::test_filters_trades_outside_date_range PASSED [ 20%]
tests/unit/domain/analytics/test_reconstruction_cash.py::TestReconstructCashBalance::test_handles_trade_with_datetime_string_executed_at PASSED [ 20%]
tests/unit/domain/analytics/test_reconstruction_cash.py::TestReconstructCashBalance::test_handles_empty_cash_flows_and_trades PASSED [ 20%]
tests/unit/domain/analytics/test_reconstruction_cash.py::TestReconstructCashBalance::test_handles_zero_initial_cash PASSED [ 20%]
tests/unit/domain/analytics/test_reconstruction_positions.py::TestReconstructHistoricalPositions::test_returns_empty_dataframe_when_no_history PASSED [ 20%]
tests/unit/domain/analytics/test_reconstruction_positions.py::TestReconstructHistoricalPositions::test_returns_dataframe_with_position_history PASSED [ 20%]
tests/unit/domain/analytics/test_reconstruction_positions.py::TestReconstructHistoricalPositions::test_converts_date_to_datetime PASSED [ 20%]
tests/unit/domain/analytics/test_reconstruction_positions.py::TestReconstructHistoricalPositions::test_handles_multiple_symbols PASSED [ 20%]
tests/unit/domain/analytics/test_reconstruction_positions.py::TestReconstructHistoricalPositions::test_handles_zero_quantities PASSED [ 20%]
tests/unit/domain/analytics/test_reconstruction_positions.py::TestReconstructHistoricalPositions::test_handles_negative_quantities PASSED [ 20%]
tests/unit/domain/analytics/test_reconstruction_positions.py::TestReconstructHistoricalPositions::test_calls_trade_repo_with_correct_parameters PASSED [ 20%]
tests/unit/domain/analytics/test_reconstruction_values.py::TestReconstructPortfolioValues::test_returns_series_with_initial_cash_only PASSED [ 20%]
tests/unit/domain/analytics/test_reconstruction_values.py::TestReconstructPortfolioValues::test_calculates_portfolio_value_with_positions_and_prices PASSED [ 20%]
tests/unit/domain/analytics/test_reconstruction_values.py::TestReconstructPortfolioValues::test_handles_forward_fill_missing_prices PASSED [ 20%]
tests/unit/domain/analytics/test_reconstruction_values.py::TestReconstructPortfolioValues::test_handles_multiple_symbols PASSED [ 20%]
tests/unit/domain/analytics/test_reconstruction_values.py::TestReconstructPortfolioValues::test_skips_zero_quantity_positions PASSED [ 20%]
tests/unit/domain/analytics/test_reconstruction_values.py::TestReconstructPortfolioValues::test_handles_missing_price_data_gracefully PASSED [ 20%]
tests/unit/domain/analytics/test_reconstruction_values.py::TestReconstructPortfolioValues::test_handles_exception_during_price_loading PASSED [ 20%]
tests/unit/domain/analytics/test_reconstruction_values.py::TestReconstructPortfolioValues::test_uses_last_known_price_when_no_historical_price PASSED [ 20%]
tests/unit/domain/events/test_domain_events.py::TestSecurityAddedEvent::test_creates_stock_added_event PASSED [ 20%]
tests/unit/domain/events/test_domain_events.py::TestSecurityAddedEvent::test_stock_added_event_properties PASSED [ 20%]
tests/unit/domain/events/test_domain_events.py::TestSecurityAddedEvent::test_stock_added_event_is_frozen PASSED [ 20%]
tests/unit/domain/events/test_domain_events.py::TestTradeExecutedEvent::test_creates_trade_executed_event PASSED [ 21%]
tests/unit/domain/events/test_domain_events.py::TestTradeExecutedEvent::test_trade_executed_event_properties PASSED [ 21%]
tests/unit/domain/events/test_domain_events.py::TestTradeExecutedEvent::test_trade_executed_event_is_frozen PASSED [ 21%]
tests/unit/domain/events/test_domain_events.py::TestPositionUpdatedEvent::test_creates_position_updated_event PASSED [ 21%]
tests/unit/domain/events/test_domain_events.py::TestPositionUpdatedEvent::test_position_updated_event_properties PASSED [ 21%]
tests/unit/domain/events/test_domain_events.py::TestPositionUpdatedEvent::test_position_updated_event_is_frozen PASSED [ 21%]
tests/unit/domain/events/test_domain_events.py::TestRecommendationCreatedEvent::test_creates_recommendation_created_event PASSED [ 21%]
tests/unit/domain/events/test_domain_events.py::TestRecommendationCreatedEvent::test_recommendation_created_event_properties PASSED [ 21%]
tests/unit/domain/events/test_domain_events.py::TestRecommendationCreatedEvent::test_recommendation_created_event_is_frozen PASSED [ 21%]
tests/unit/domain/factories/test_recommendation_factory.py::TestRecommendationFactory::test_create_buy_recommendation PASSED [ 21%]
tests/unit/domain/factories/test_recommendation_factory.py::TestRecommendationFactory::test_create_sell_recommendation PASSED [ 21%]
tests/unit/domain/factories/test_recommendation_factory.py::TestRecommendationFactory::test_create_buy_recommendation_calculates_score_change PASSED [ 21%]
tests/unit/domain/factories/test_recommendation_factory.py::TestRecommendationFactory::test_create_buy_recommendation_without_scores PASSED [ 21%]
tests/unit/domain/factories/test_recommendation_factory.py::TestRecommendationFactory::test_create_buy_recommendation_defaults PASSED [ 21%]
tests/unit/domain/factories/test_security_factory.py::TestSecurityFactoryCreateFromApiRequest::test_create_stock_with_all_fields PASSED [ 21%]
tests/unit/domain/factories/test_security_factory.py::TestSecurityFactoryCreateFromApiRequest::test_create_stock_with_minimal_required_fields PASSED [ 21%]
tests/unit/domain/factories/test_security_factory.py::TestSecurityFactoryCreateFromApiRequest::test_create_stock_normalizes_symbol PASSED [ 21%]
tests/unit/domain/factories/test_security_factory.py::TestSecurityFactoryCreateFromApiRequest::test_create_stock_raises_error_for_empty_symbol PASSED [ 21%]
tests/unit/domain/factories/test_security_factory.py::TestSecurityFactoryCreateFromApiRequest::test_create_stock_raises_error_for_empty_name PASSED [ 21%]
tests/unit/domain/factories/test_security_factory.py::TestSecurityFactoryCreateFromApiRequest::test_create_stock_raises_error_for_missing_symbol PASSED [ 21%]
tests/unit/domain/factories/test_security_factory.py::TestSecurityFactoryCreateFromApiRequest::test_create_stock_raises_error_for_missing_name PASSED [ 21%]
tests/unit/domain/factories/test_security_factory.py::TestSecurityFactoryCreateFromApiRequest::test_create_stock_with_currency_string PASSED [ 21%]
tests/unit/domain/factories/test_security_factory.py::TestSecurityFactoryCreateFromApiRequest::test_create_stock_with_min_lot_validation PASSED [ 21%]
tests/unit/domain/factories/test_security_factory.py::TestSecurityFactoryCreateFromApiRequest::test_create_stock_strips_whitespace PASSED [ 21%]
tests/unit/domain/factories/test_security_factory.py::TestSecurityFactoryCreateFromImport::test_create_stock_from_import_with_all_fields PASSED [ 21%]
tests/unit/domain/factories/test_security_factory.py::TestSecurityFactoryCreateFromImport::test_create_stock_from_import_with_defaults PASSED [ 21%]
tests/unit/domain/factories/test_security_factory.py::TestSecurityFactoryCreateFromImport::test_create_stock_from_import_normalizes_symbol PASSED [ 21%]
tests/unit/domain/factories/test_security_factory.py::TestSecurityFactoryCreateFromImport::test_create_stock_from_import_with_currency_string PASSED [ 21%]
tests/unit/domain/factories/test_security_factory.py::TestSecurityFactoryCreateFromImport::test_create_stock_from_import_with_currency_enum PASSED [ 22%]
tests/unit/domain/factories/test_security_factory.py::TestSecurityFactoryCreateFromImport::test_create_stock_from_import_with_min_lot_validation PASSED [ 22%]
tests/unit/domain/factories/test_security_factory.py::TestSecurityFactoryCreateWithIndustryDetection::test_create_stock_with_detected_industry PASSED [ 22%]
tests/unit/domain/factories/test_security_factory.py::TestSecurityFactoryCreateWithIndustryDetection::test_create_stock_with_industry_from_data PASSED [ 22%]
tests/unit/domain/factories/test_security_factory.py::TestSecurityFactoryCreateWithIndustryDetection::test_create_stock_prioritizes_detected_industry PASSED [ 22%]
tests/unit/domain/factories/test_security_factory_actual.py::TestSecurityFactoryCreateFromApiRequest::test_create_stock_with_all_fields PASSED [ 22%]
tests/unit/domain/factories/test_security_factory_actual.py::TestSecurityFactoryCreateFromApiRequest::test_create_stock_with_minimal_required_fields PASSED [ 22%]
tests/unit/domain/factories/test_security_factory_actual.py::TestSecurityFactoryCreateFromApiRequest::test_create_stock_normalizes_symbol PASSED [ 22%]
tests/unit/domain/factories/test_security_factory_actual.py::TestSecurityFactoryCreateFromApiRequest::test_create_stock_raises_error_for_empty_symbol PASSED [ 22%]
tests/unit/domain/factories/test_security_factory_actual.py::TestSecurityFactoryCreateFromApiRequest::test_create_stock_raises_error_for_empty_name PASSED [ 22%]
tests/unit/domain/factories/test_security_factory_actual.py::TestSecurityFactoryCreateFromApiRequest::test_create_stock_raises_error_for_missing_symbol PASSED [ 22%]
tests/unit/domain/factories/test_security_factory_actual.py::TestSecurityFactoryCreateFromApiRequest::test_create_stock_raises_error_for_missing_name PASSED [ 22%]
tests/unit/domain/factories/test_security_factory_actual.py::TestSecurityFactoryCreateFromApiRequest::test_create_stock_with_currency_string PASSED [ 22%]
tests/unit/domain/factories/test_security_factory_actual.py::TestSecurityFactoryCreateFromApiRequest::test_create_stock_with_min_lot_validation PASSED [ 22%]
tests/unit/domain/factories/test_security_factory_actual.py::TestSecurityFactoryCreateFromApiRequest::test_create_stock_strips_whitespace PASSED [ 22%]
tests/unit/domain/factories/test_security_factory_actual.py::TestSecurityFactoryCreateFromImport::test_create_stock_from_import_with_all_fields PASSED [ 22%]
tests/unit/domain/factories/test_security_factory_actual.py::TestSecurityFactoryCreateFromImport::test_create_stock_from_import_with_defaults PASSED [ 22%]
tests/unit/domain/factories/test_security_factory_actual.py::TestSecurityFactoryCreateFromImport::test_create_stock_from_import_normalizes_symbol PASSED [ 22%]
tests/unit/domain/factories/test_security_factory_actual.py::TestSecurityFactoryCreateFromImport::test_create_stock_from_import_with_currency_string PASSED [ 22%]
tests/unit/domain/factories/test_security_factory_actual.py::TestSecurityFactoryCreateFromImport::test_create_stock_from_import_with_currency_enum PASSED [ 22%]
tests/unit/domain/factories/test_security_factory_actual.py::TestSecurityFactoryCreateFromImport::test_create_stock_from_import_with_min_lot_validation PASSED [ 22%]
tests/unit/domain/factories/test_security_factory_actual.py::TestSecurityFactoryCreateWithIndustryDetection::test_create_stock_with_detected_industry PASSED [ 22%]
tests/unit/domain/factories/test_security_factory_actual.py::TestSecurityFactoryCreateWithIndustryDetection::test_create_stock_with_industry_from_data PASSED [ 22%]
tests/unit/domain/factories/test_security_factory_actual.py::TestSecurityFactoryCreateWithIndustryDetection::test_create_stock_prioritizes_detected_industry PASSED [ 22%]
tests/unit/domain/factories/test_trade_factory.py::TestTradeFactory::test_create_from_execution PASSED [ 22%]
tests/unit/domain/factories/test_trade_factory.py::TestTradeFactory::test_create_from_execution_calculates_eur_value PASSED [ 22%]
tests/unit/domain/factories/test_trade_factory.py::TestTradeFactory::test_create_from_execution_without_currency_rate PASSED [ 22%]
tests/unit/domain/factories/test_trade_factory.py::TestTradeFactory::test_create_from_sync PASSED [ 23%]
tests/unit/domain/factories/test_trade_factory.py::TestTradeFactory::test_create_from_sync_converts_strings PASSED [ 23%]
tests/unit/domain/models/test_domain_validation.py::TestStockValidation::test_stock_validates_symbol_not_empty PASSED [ 23%]
tests/unit/domain/models/test_domain_validation.py::TestStockValidation::test_stock_validates_name_not_empty PASSED [ 23%]
tests/unit/domain/models/test_domain_validation.py::TestStockValidation::test_stock_accepts_any_country PASSED [ 23%]
tests/unit/domain/models/test_domain_validation.py::TestStockValidation::test_stock_validates_min_lot_positive PASSED [ 23%]
tests/unit/domain/models/test_domain_validation.py::TestStockValidation::test_stock_valid_creation PASSED [ 23%]
tests/unit/domain/models/test_domain_validation.py::TestStockValidation::test_stock_min_portfolio_target_accepts_valid_range PASSED [ 23%]
tests/unit/domain/models/test_domain_validation.py::TestStockValidation::test_stock_min_portfolio_target_rejects_negative PASSED [ 23%]
tests/unit/domain/models/test_domain_validation.py::TestStockValidation::test_stock_min_portfolio_target_rejects_over_20 PASSED [ 23%]
tests/unit/domain/models/test_domain_validation.py::TestStockValidation::test_stock_max_portfolio_target_accepts_valid_range PASSED [ 23%]
tests/unit/domain/models/test_domain_validation.py::TestStockValidation::test_stock_max_portfolio_target_rejects_negative PASSED [ 23%]
tests/unit/domain/models/test_domain_validation.py::TestStockValidation::test_stock_max_portfolio_target_rejects_over_30 PASSED [ 23%]
tests/unit/domain/models/test_domain_validation.py::TestStockValidation::test_stock_max_portfolio_target_greater_than_min PASSED [ 23%]
tests/unit/domain/models/test_domain_validation.py::TestStockValidation::test_stock_max_portfolio_target_less_than_min_raises_error PASSED [ 23%]
tests/unit/domain/models/test_domain_validation.py::TestStockValidation::test_stock_portfolio_targets_none_allowed PASSED [ 23%]
tests/unit/domain/models/test_domain_validation.py::TestStockValidation::test_stock_min_portfolio_target_without_max PASSED [ 23%]
tests/unit/domain/models/test_domain_validation.py::TestStockValidation::test_stock_max_portfolio_target_without_min PASSED [ 23%]
tests/unit/domain/models/test_domain_validation.py::TestPositionValidation::test_position_validates_quantity_non_negative PASSED [ 23%]
tests/unit/domain/models/test_domain_validation.py::TestPositionValidation::test_position_validates_avg_price_positive PASSED [ 23%]
tests/unit/domain/models/test_domain_validation.py::TestPositionValidation::test_position_valid_creation PASSED [ 23%]
tests/unit/domain/models/test_domain_validation.py::TestTradeValidation::test_trade_validates_quantity_positive PASSED [ 23%]
tests/unit/domain/models/test_domain_validation.py::TestTradeValidation::test_trade_validates_price_positive PASSED [ 23%]
tests/unit/domain/models/test_domain_validation.py::TestTradeValidation::test_trade_valid_creation PASSED [ 23%]
tests/unit/domain/models/test_domain_validation.py::TestRecommendationValidation::test_recommendation_validates_quantity_positive PASSED [ 23%]
tests/unit/domain/models/test_domain_validation.py::TestRecommendationValidation::test_recommendation_validates_estimated_price_positive PASSED [ 23%]
tests/unit/domain/models/test_domain_validation.py::TestRecommendationValidation::test_recommendation_validates_estimated_value_positive PASSED [ 23%]
tests/unit/domain/models/test_domain_validation.py::TestRecommendationValidation::test_recommendation_valid_creation PASSED [ 23%]
tests/unit/domain/models/test_recommendation.py::TestRecommendation::test_create_buy_recommendation PASSED [ 24%]
tests/unit/domain/models/test_recommendation.py::TestRecommendation::test_create_sell_recommendation PASSED [ 24%]
tests/unit/domain/models/test_recommendation.py::TestRecommendation::test_recommendation_default_status PASSED [ 24%]
tests/unit/domain/models/test_recommendation.py::TestRecommendation::test_recommendation_status_transitions PASSED [ 24%]
tests/unit/domain/models/test_recommendation.py::TestRecommendation::test_recommendation_with_portfolio_scores PASSED [ 24%]
tests/unit/domain/models/test_recommendation.py::TestRecommendation::test_recommendation_calculates_score_change PASSED [ 24%]
tests/unit/domain/models/test_validation.py::TestSecurityValidation::test_stock_validates_empty_symbol PASSED [ 24%]
tests/unit/domain/models/test_validation.py::TestSecurityValidation::test_stock_validates_whitespace_symbol PASSED [ 24%]
tests/unit/domain/models/test_validation.py::TestSecurityValidation::test_stock_validates_empty_name PASSED [ 24%]
tests/unit/domain/models/test_validation.py::TestSecurityValidation::test_stock_normalizes_symbol_to_uppercase PASSED [ 24%]
tests/unit/domain/models/test_validation.py::TestSecurityValidation::test_stock_strips_symbol_whitespace PASSED [ 24%]
tests/unit/domain/models/test_validation.py::TestSecurityValidation::test_stock_validates_min_lot PASSED [ 24%]
tests/unit/domain/models/test_validation.py::TestSecurityValidation::test_stock_validates_min_portfolio_target_range PASSED [ 24%]
tests/unit/domain/models/test_validation.py::TestSecurityValidation::test_stock_validates_max_portfolio_target_range PASSED [ 24%]
tests/unit/domain/models/test_validation.py::TestSecurityValidation::test_stock_validates_max_greater_than_min PASSED [ 24%]
tests/unit/domain/models/test_validation.py::TestPositionValidation::test_position_validates_empty_symbol PASSED [ 24%]
tests/unit/domain/models/test_validation.py::TestPositionValidation::test_position_validates_negative_quantity PASSED [ 24%]
tests/unit/domain/models/test_validation.py::TestPositionValidation::test_position_validates_zero_avg_price PASSED [ 24%]
tests/unit/domain/models/test_validation.py::TestPositionValidation::test_position_validates_negative_avg_price PASSED [ 24%]
tests/unit/domain/models/test_validation.py::TestPositionValidation::test_position_normalizes_symbol_to_uppercase PASSED [ 24%]
tests/unit/domain/models/test_validation.py::TestPositionValidation::test_position_validates_currency_rate PASSED [ 24%]
tests/unit/domain/models/test_validation.py::TestPositionValidation::test_position_allows_zero_quantity PASSED [ 24%]
tests/unit/domain/models/test_validation.py::TestTradeValidation::test_trade_validates_empty_symbol PASSED [ 24%]
tests/unit/domain/models/test_validation.py::TestTradeValidation::test_trade_validates_zero_quantity PASSED [ 24%]
tests/unit/domain/models/test_validation.py::TestTradeValidation::test_trade_validates_negative_quantity PASSED [ 24%]
tests/unit/domain/models/test_validation.py::TestTradeValidation::test_trade_validates_zero_price PASSED [ 24%]
tests/unit/domain/models/test_validation.py::TestTradeValidation::test_trade_validates_negative_price PASSED [ 24%]
tests/unit/domain/models/test_validation.py::TestTradeValidation::test_trade_normalizes_symbol_to_uppercase PASSED [ 24%]
tests/unit/domain/models/test_validation.py::TestRecommendationValidation::test_recommendation_validates_empty_symbol PASSED [ 25%]
tests/unit/domain/models/test_validation.py::TestRecommendationValidation::test_recommendation_validates_empty_name PASSED [ 25%]
tests/unit/domain/models/test_validation.py::TestRecommendationValidation::test_recommendation_validates_zero_quantity PASSED [ 25%]
tests/unit/domain/models/test_validation.py::TestRecommendationValidation::test_recommendation_validates_zero_estimated_price PASSED [ 25%]
tests/unit/domain/models/test_validation.py::TestRecommendationValidation::test_recommendation_validates_zero_estimated_value PASSED [ 25%]
[...]
FAILED tests/unit/jobs/test_dividend_reinvestment.py::TestPendingBonus::test_sets_pending_bonus_for_small_ungrouped_dividends
FAILED tests/unit/jobs/test_dividend_reinvestment.py::TestErrorHandling::test_zero_dividends_handles_gracefully
FAILED tests/unit/jobs/test_dividend_reinvestment.py::TestErrorHandling::test_api_failure_does_not_crash_job
FAILED tests/unit/jobs/test_dividend_reinvestment.py::TestErrorHandling::test_invalid_price_skips_symbol_continues_others
FAILED tests/unit/jobs/test_dividend_reinvestment.py::TestErrorHandling::test_trade_execution_failure_marks_dividends_unreinvested
FAILED tests/unit/jobs/test_dividend_reinvestment.py::TestStateVerification::test_verify_no_duplicate_reinvestment
FAILED tests/unit/jobs/test_emergency_rebalance.py::TestCheckAndRebalanceImmediately::test_returns_false_when_no_negative_balances
FAILED tests/unit/jobs/test_emergency_rebalance.py::TestCheckAndRebalanceImmediately::test_triggers_rebalancing_with_negative_balance
FAILED tests/unit/jobs/test_emergency_rebalance.py::TestCheckAndRebalanceImmediately::test_triggers_rebalancing_with_currency_below_minimum
FAILED tests/unit/jobs/test_emergency_rebalance.py::TestCheckAndRebalanceImmediately::test_dismisses_stale_emergency_recommendations
FAILED tests/unit/jobs/test_emergency_rebalance.py::TestCheckAndRebalanceImmediately::test_handles_tradernet_not_connected
FAILED tests/unit/jobs/test_emergency_rebalance.py::TestCheckAndRebalanceImmediately::test_handles_tradernet_connection_failure
FAILED tests/unit/jobs/test_emergency_rebalance.py::TestCheckAndRebalanceImmediately::test_handles_errors_gracefully
FAILED tests/unit/jobs/test_emergency_rebalance.py::TestCheckAndRebalanceImmediately::test_uses_file_lock_to_prevent_concurrent_execution
FAILED tests/unit/jobs/test_emergency_rebalance.py::TestCheckAndRebalanceImmediately::test_handles_no_trading_currencies
FAILED tests/unit/jobs/test_event_based_trading.py::TestWaitForPlanningCompletion::test_waits_until_all_sequences_evaluated
FAILED tests/unit/jobs/test_event_based_trading.py::TestWaitForPlanningCompletion::test_generates_sequences_if_not_exist
FAILED tests/unit/jobs/test_event_based_trading.py::TestWaitForPlanningCompletion::test_timeout_after_max_iterations
FAILED tests/unit/jobs/test_event_based_trading.py::TestGetOptimalRecommendation::test_returns_recommendation_from_best_result
FAILED tests/unit/jobs/test_event_based_trading.py::TestGetOptimalRecommendation::test_returns_none_if_no_best_result
FAILED tests/unit/jobs/test_event_based_trading.py::TestMonitorPortfolioForChanges::test_detects_hash_change_in_phase_1
FAILED tests/unit/jobs/test_event_based_trading.py::TestMonitorPortfolioForChanges::test_detects_hash_change_in_phase_2
FAILED tests/unit/jobs/test_historical_data_sync.py::TestSyncHistoricalDataInternal::test_emits_sync_events
FAILED tests/unit/jobs/test_historical_data_sync.py::TestSyncHistoricalDataInternal::test_handles_sync_error
FAILED tests/unit/jobs/test_maintenance.py::TestCreateBackupInternal::test_creates_backup_directory
FAILED tests/unit/jobs/test_maintenance.py::TestCreateBackupInternal::test_handles_backup_error
FAILED tests/unit/jobs/test_maintenance.py::TestIntegrityCheckInternal::test_passes_when_all_ok
FAILED tests/unit/jobs/test_maintenance.py::TestIntegrityCheckInternal::test_reports_failure
FAILED tests/unit/jobs/test_metrics_calculation.py::TestCalculateMetricsForAllStocks::test_processes_all_active_stocks
FAILED tests/unit/jobs/test_metrics_calculation.py::TestCalculateMetricsForAllStocks::test_counts_errors
FAILED tests/unit/jobs/test_metrics_calculation.py::TestCalculateMetricsForAllStocks::test_returns_empty_stats_for_no_stocks
FAILED tests/unit/jobs/test_planner_batch.py::TestTriggerNextBatchViaApi::test_triggers_api_endpoint
FAILED tests/unit/jobs/test_planner_batch.py::TestTriggerNextBatchViaApi::test_handles_api_failure_gracefully
FAILED tests/unit/jobs/test_planner_batch.py::TestProcessPlannerBatchJob::test_generates_portfolio_hash_when_not_provided
FAILED tests/unit/jobs/test_planner_batch.py::TestProcessPlannerBatchJob::test_skips_scheduled_job_when_api_batches_active
FAILED tests/unit/jobs/test_planner_batch.py::TestProcessPlannerBatchJob::test_uses_small_batch_size_in_api_driven_mode
FAILED tests/unit/jobs/test_planner_batch.py::TestProcessPlannerBatchJob::test_uses_large_batch_size_in_scheduled_mode
FAILED tests/unit/jobs/test_planner_batch.py::TestProcessPlannerBatchJob::test_self_triggers_next_batch_in_api_driven_mode
FAILED tests/unit/jobs/test_planner_batch.py::TestProcessPlannerBatchJob::test_stops_self_triggering_at_max_depth
FAILED tests/unit/jobs/test_planner_batch.py::TestProcessPlannerBatchJob::test_emits_planner_batch_complete_event
FAILED tests/unit/jobs/test_planner_batch.py::TestProcessPlannerBatchJob::test_handles_errors_gracefully
FAILED tests/unit/jobs/test_scheduler.py::TestInitScheduler::test_schedules_stocks_data_sync_job
FAILED tests/unit/jobs/test_scheduler.py::TestInitScheduler::test_logs_initialization_info
FAILED tests/unit/jobs/test_scheduler.py::TestInitScheduler::test_replaces_existing_jobs
FAILED tests/unit/jobs/test_scheduler.py::TestRescheduleAllJobs::test_reschedules_sync_cycle_with_new_interval
FAILED tests/unit/jobs/test_scheduler.py::TestRescheduleAllJobs::test_reschedules_maintenance_jobs
FAILED tests/unit/jobs/test_scheduler.py::TestRescheduleAllJobs::test_logs_reschedule_info
FAILED tests/unit/jobs/test_scheduler.py::TestEdgeCases::test_reschedule_all_jobs_multiple_times
FAILED tests/unit/jobs/test_score_refresh.py::TestRefreshAllScores::test_uses_file_lock
FAILED tests/unit/jobs/test_score_refresh.py::TestRefreshAllScoresInternal::test_handles_no_active_stocks
FAILED tests/unit/jobs/test_score_refresh.py::TestRefreshAllScoresInternal::test_emits_events
FAILED tests/unit/jobs/test_score_refresh.py::TestRefreshAllScoresInternal::test_skips_stocks_with_insufficient_data
FAILED tests/unit/jobs/test_score_refresh.py::TestRefreshAllScoresInternal::test_handles_scoring_errors_gracefully
FAILED tests/unit/jobs/test_score_refresh.py::TestBuildPortfolioContext::test_builds_context_with_positions
FAILED tests/unit/jobs/test_score_refresh.py::TestBuildPortfolioContext::test_builds_context_with_allocation_targets
FAILED tests/unit/jobs/test_score_refresh.py::TestGetDailyPrices::test_returns_local_data_if_sufficient
FAILED tests/unit/jobs/test_score_refresh.py::TestGetDailyPrices::test_fetches_from_yahoo_if_insufficient
FAILED tests/unit/jobs/test_score_refresh.py::TestGetMonthlyPrices::test_returns_local_data_if_sufficient
FAILED tests/unit/jobs/test_score_refresh.py::TestGetMonthlyPrices::test_aggregates_from_yahoo_if_insufficient
FAILED tests/unit/jobs/test_securities_data_sync.py::TestStocksDataSync::test_processes_only_stale_stocks
FAILED tests/unit/jobs/test_securities_data_sync.py::TestStocksDataSync::test_processes_stocks_sequentially
FAILED tests/unit/jobs/test_securities_data_sync.py::TestStocksDataSync::test_skips_all_when_all_stocks_fresh
FAILED tests/unit/jobs/test_securities_data_sync.py::TestProcessSingleStock::test_runs_all_steps_for_stock
FAILED tests/unit/jobs/test_securities_data_sync.py::TestProcessSingleStock::test_updates_last_synced_on_success
FAILED tests/unit/jobs/test_securities_data_sync.py::TestProcessSingleStock::test_does_not_update_last_synced_on_error
FAILED tests/unit/jobs/test_securities_data_sync.py::TestDisplayUpdates::test_shows_updating_message
FAILED tests/unit/jobs/test_securities_data_sync.py::TestDisplayUpdates::test_clears_processing_after_completion
FAILED tests/unit/jobs/test_securities_data_sync.py::TestForceRefresh::test_force_refresh_bypasses_last_synced
FAILED tests/unit/jobs/test_securities_data_sync.py::TestForceRefresh::test_force_refresh_returns_error_on_failure
FAILED tests/unit/jobs/test_sync_cycle.py::TestSyncCycle::test_runs_all_steps_in_order
FAILED tests/unit/jobs/test_sync_cycle.py::TestSyncCycle::test_skips_trade_execution_when_halted
FAILED tests/unit/jobs/test_sync_cycle.py::TestStepSyncPrices::test_only_fetches_prices_for_open_markets
FAILED tests/unit/jobs/test_sync_cycle.py::TestStepSyncPrices::test_skips_all_when_no_markets_open
FAILED tests/unit/jobs/test_sync_cycle.py::TestStepGetRecommendation::test_considers_all_markets
FAILED tests/unit/jobs/test_sync_cycle.py::TestStepUpdateDisplay::test_updates_ticker_text
FAILED tests/unit/jobs/test_sync_trades.py::TestSyncTradesInternal::test_skips_when_not_connected
FAILED tests/unit/jobs/test_sync_trades.py::TestSyncTradesInternal::test_handles_no_trades_returned
FAILED tests/unit/jobs/test_sync_trades.py::TestSyncTradesInternal::test_inserts_valid_trades
FAILED tests/unit/jobs/test_sync_trades.py::TestSyncTradesInternal::test_handles_errors_gracefully
FAILED tests/unit/planning/domain/config/test_models.py::test_get_enabled_generators
FAILED tests/unit/planning/domain/config/test_models.py::test_get_enabled_filters
FAILED tests/unit/planning/domain/config/test_parser.py::test_load_conservative_example
FAILED tests/unit/planning/test_planner_config_service.py::TestValidateToml::test_invalid_toml_structure
FAILED tests/unit/planning/test_planner_config_service.py::TestUpdate::test_update_name_only
FAILED tests/unit/repositories/test_position.py::TestPositionRepositoryGetWithStockInfo::test_get_with_stock_info_empty
FAILED tests/unit/repositories/test_position.py::TestPositionRepositoryGetWithStockInfo::test_get_with_stock_info_merges_data
FAILED tests/unit/repositories/test_score_repository.py::TestScoreRepository::test_init_without_db
FAILED tests/unit/repositories/test_security.py::TestSecurityRepositoryQueries::test_get_by_symbol_found
FAILED tests/unit/repositories/test_security.py::TestSecurityRepositoryQueries::test_get_all_active
FAILED tests/unit/repositories/test_security.py::TestSecurityRepositoryQueries::test_get_all
FAILED tests/unit/repositories/test_security.py::TestSecurityRepositoryGetWithScores::test_merges_stock_score_position_data
FAILED tests/unit/repositories/test_security.py::TestRowToStock::test_converts_valid_row
FAILED tests/unit/repositories/test_security.py::TestRowToStock::test_handles_null_priority_multiplier
FAILED tests/unit/repositories/test_security.py::TestRowToStock::test_row_to_stock_maps_portfolio_targets
FAILED tests/unit/repositories/test_security.py::TestRowToStock::test_row_to_stock_handles_null_portfolio_targets
FAILED tests/unit/repositories/test_security.py::TestRowToStock::test_row_to_stock_handles_missing_portfolio_target_columns
FAILED tests/unit/services/optimization/test_constraints_manager.py::TestEdgeCases::test_target_exceeds_one
FAILED tests/unit/services/optimization/test_constraints_manager.py::TestTargetNormalization::test_industry_targets_normalized_when_sum_exceeds_100
FAILED tests/unit/services/optimization/test_constraints_manager.py::TestTargetNormalization::test_country_targets_normalized_when_sum_exceeds_100
FAILED tests/unit/services/optimization/test_constraints_manager.py::TestTargetNormalization::test_normalization_only_applies_to_active_industries
FAILED tests/unit/services/optimization/test_constraints_manager.py::TestTargetNormalization::test_normalization_only_applies_to_active_countries
FAILED tests/unit/services/optimization/test_constraints_manager.py::TestIndustryConcentrationCapAdjustment::test_single_industry_gets_70_percent_cap
FAILED tests/unit/services/optimization/test_constraints_manager.py::TestIndustryConcentrationCapAdjustment::test_two_industries_get_50_percent_cap_each
FAILED tests/unit/services/optimization/test_constraints_manager.py::TestIndustryConcentrationCapAdjustment::test_three_plus_industries_get_default_30_percent_cap
FAILED tests/unit/services/optimization/test_constraints_manager.py::TestIndustryConcentrationCapAdjustment::test_industry_cap_adjustment_allows_higher_total_allocation
FAILED tests/unit/services/optimization/test_constraints_manager.py::TestIndustryMinimumBoundScaling::test_industry_minimum_bounds_scaled_when_sum_exceeds_100
FAILED tests/unit/services/optimization/test_constraints_manager.py::TestIndustryMinimumBoundScaling::test_industry_minimum_bounds_not_scaled_when_combined_below_70
FAILED tests/unit/services/optimization/test_risk_models.py::TestRiskModelBuilder::test_builds_covariance_matrix_from_prices
FAILED tests/unit/services/optimization/test_risk_models.py::TestRiskModelBuilder::test_filters_valid_symbols
FAILED tests/unit/services/test_performance_adjustment_calculator.py::TestAdjustCountryWeights::test_decreases_weight_for_negative_attribution
FAILED tests/unit/services/test_performance_adjustment_calculator.py::TestAdjustIndWeights::test_decreases_weight_for_negative_attribution
FAILED tests/unit/services/test_portfolio_service.py::TestPortfolioServiceCalculations::test_single_country_100_percent
FAILED tests/unit/services/test_portfolio_service.py::TestPortfolioServiceCalculations::test_multiple_countries_split_correctly
FAILED tests/unit/services/test_portfolio_service.py::TestPortfolioServiceCalculations::test_multi_industry_splits_value_equally
FAILED tests/unit/services/test_portfolio_service.py::TestPortfolioServiceCalculations::test_missing_country_handled
FAILED tests/unit/services/test_portfolio_service.py::TestPortfolioServiceCalculations::test_missing_industry_handled
FAILED tests/unit/services/test_portfolio_service.py::TestPortfolioServiceCalculations::test_fallback_to_price_calculation_when_no_eur_value
FAILED tests/unit/services/test_portfolio_service.py::TestPortfolioServiceCalculations::test_cash_balance_included
FAILED tests/unit/services/test_portfolio_service.py::TestPortfolioServiceCalculations::test_deviation_calculated_correctly
FAILED tests/unit/services/test_portfolio_service.py::TestPortfolioServiceCalculations::test_values_rounded_correctly
FAILED tests/unit/services/test_technical_data_calculator.py::TestGetTechnicalDataForPositions::test_each_symbol_gets_technical_data
FAILED tests/unit/services/test_trade_execution.py::TestTradeValidation::test_buy_blocked_when_insufficient_balance
FAILED tests/unit/services/test_trade_execution.py::TestTradeValidation::test_buy_blocked_when_negative_balance
FAILED tests/unit/services/test_trade_execution.py::TestTradeValidation::test_buy_allowed_when_sufficient_balance
FAILED tests/unit/services/test_trade_execution.py::TestTradeValidation::test_sell_blocked_when_no_position
FAILED tests/unit/services/test_trade_execution.py::TestTradeValidation::test_sell_blocked_when_quantity_exceeds_position
FAILED tests/unit/services/test_trade_execution.py::TestTradeValidation::test_sell_allowed_when_quantity_within_position
FAILED tests/unit/services/test_trade_execution.py::TestTradeValidation::test_broker_connection_failure_raises_error
FAILED tests/unit/services/test_trade_execution.py::TestTradeValidation::test_multi_currency_validation
FAILED tests/unit/services/test_trade_execution.py::TestTradeValidation::test_order_failure_recorded
FAILED tests/unit/services/test_trade_execution.py::TestTradeValidation::test_no_validation_without_currency_balances
FAILED tests/unit/services/test_trade_execution.py::TestTradeValidation::test_sell_blocked_when_recent_order_in_database
FAILED tests/unit/services/test_trade_execution.py::TestTradeValidation::test_order_stored_immediately_after_placement
FAILED tests/unit/services/test_trade_safety_service.py::test_validate_trade_sell_blocks_recent_buy
ERROR tests/integration/planning/test_modular_components.py::TestOpportunityCalculatorRegistry::test_opportunity_buys_calculator
ERROR tests/integration/planning/test_modular_components.py::TestOpportunityCalculatorRegistry::test_profit_taking_calculator
ERROR tests/integration/planning/test_modular_planner_parity.py::test_modular_planner_basic_execution
ERROR tests/integration/planning/test_modular_planner_parity.py::test_modular_adapter_execution
ERROR tests/integration/planning/test_modular_planner_parity.py::test_modular_planner_empty_portfolio
ERROR tests/integration/planning/test_modular_planner_parity.py::test_modular_planner_no_cash
ERROR tests/unit/planning/domain/calculations/opportunities/test_averaging_down.py::TestAveragingDownCalculator::test_calculate_skips_security_without_position
ERROR tests/unit/planning/domain/calculations/opportunities/test_averaging_down.py::TestAveragingDownCalculator::test_calculate_skips_security_when_buy_not_allowed
ERROR tests/unit/planning/domain/calculations/opportunities/test_averaging_down.py::TestAveragingDownCalculator::test_calculate_skips_position_that_is_up
ERROR tests/unit/planning/domain/calculations/opportunities/test_averaging_down.py::TestAveragingDownCalculator::test_calculate_skips_position_down_too_much
ERROR tests/unit/planning/domain/calculations/opportunities/test_averaging_down.py::TestAveragingDownCalculator::test_calculate_skips_low_quality_security
ERROR tests/unit/planning/domain/calculations/opportunities/test_averaging_down.py::TestAveragingDownCalculator::test_calculate_creates_opportunity_for_quality_dip
ERROR tests/unit/planning/domain/calculations/opportunities/test_averaging_down.py::TestAveragingDownCalculator::test_calculate_priority_based_on_quality_and_drop
ERROR tests/unit/planning/domain/calculations/opportunities/test_averaging_down.py::TestAveragingDownCalculator::test_calculate_respects_priority_weight_param
ERROR tests/unit/planning/domain/calculations/opportunities/test_averaging_down.py::TestAveragingDownCalculator::test_calculate_respects_security_priority_multiplier
ERROR tests/unit/planning/domain/calculations/opportunities/test_averaging_down.py::TestAveragingDownCalculator::test_calculate_uses_default_quality_when_scores_not_provided
ERROR tests/unit/planning/domain/calculations/opportunities/test_averaging_down.py::TestAveragingDownCalculator::test_calculate_skips_position_with_zero_current_price
ERROR tests/unit/planning/domain/calculations/opportunities/test_averaging_down.py::TestAveragingDownCalculator::test_calculate_skips_position_with_zero_avg_price
ERROR tests/unit/planning/domain/calculations/opportunities/test_averaging_down.py::TestAveragingDownCalculator::test_calculate_respects_base_trade_amount_param
ERROR tests/unit/planning/domain/calculations/opportunities/test_profit_taking.py::TestProfitTakingCalculator::test_calculate_skips_position_when_sell_not_allowed
ERROR tests/unit/planning/domain/calculations/opportunities/test_profit_taking.py::TestProfitTakingCalculator::test_calculate_skips_position_with_zero_value
ERROR tests/unit/planning/domain/calculations/opportunities/test_profit_taking.py::TestProfitTakingCalculator::test_calculate_creates_opportunity_for_windfall_position
ERROR tests/unit/planning/domain/calculations/opportunities/test_profit_taking.py::TestProfitTakingCalculator::test_calculate_skips_position_without_windfall
ERROR tests/unit/planning/domain/calculations/opportunities/test_profit_taking.py::TestProfitTakingCalculator::test_calculate_respects_priority_weight_param
ERROR tests/unit/planning/domain/calculations/opportunities/test_profit_taking.py::TestProfitTakingCalculator::test_calculate_respects_security_priority_multiplier
ERROR tests/unit/planning/domain/calculations/opportunities/test_profit_taking.py::TestProfitTakingCalculator::test_calculate_handles_eur_currency_without_exchange_service
ERROR tests/unit/planning/domain/calculations/opportunities/test_profit_taking.py::TestProfitTakingCalculator::test_calculate_handles_missing_current_price
ERROR tests/unit/satellites/test_satellite_planner_integration.py::test_uses_custom_planner_when_config_exists
ERROR tests/unit/satellites/test_satellite_planner_integration.py::test_fallback_when_no_custom_config
ERROR tests/unit/satellites/test_satellite_planner_integration.py::test_fallback_when_factory_has_no_config
ERROR tests/unit/satellites/test_satellite_planner_integration.py::test_custom_config_receives_correct_parameters
= 212 failed, 2528 passed, 7 skipped, 25 warnings, 31 errors in 93.54s (0:01:33) =
